#
# There is insufficient memory for the Java Runtime Environment to continue.
# Native memory allocation (malloc) failed to allocate 32744 bytes for ChunkPool::allocate
# Possible reasons:
#   The system is out of physical RAM or swap space
#   The process is running with CompressedOops enabled, and the Java Heap may be blocking the growth of the native heap
# Possible solutions:
#   Reduce memory load on the system
#   Increase physical memory or swap space
#   Check if swap backing store is full
#   Decrease Java heap size (-Xmx/-Xms)
#   Decrease number of Java threads
#   Decrease Java thread stack sizes (-Xss)
#   Set larger code cache with -XX:ReservedCodeCacheSize=
#   JVM is running with Unscaled Compressed Oops mode in which the Java heap is
#     placed in the first 4GB address space. The Java Heap base address is the
#     maximum limit for the native heap growth. Please use -XX:HeapBaseMinAddress
#     to set the Java Heap base and to place the Java Heap above 4GB virtual address.
# This output file may be truncated or incomplete.
#
#  Out of Memory Error (arena.cpp:78), pid=1148, tid=7580
#
# JRE version: OpenJDK Runtime Environment JBR-17.0.4.1+7-469.62-jcef (17.0.4.1+7) (build 17.0.4.1+7-b469.62)
# Java VM: OpenJDK 64-Bit Server VM JBR-17.0.4.1+7-469.62-jcef (17.0.4.1+7-b469.62, mixed mode, tiered, compressed oops, compressed class ptrs, g1 gc, windows-amd64)
# No core dump will be written. Minidumps are not enabled by default on client versions of Windows
#

---------------  S U M M A R Y ------------

Command Line: -Dawt.toolkit=com.intellij.desktop.DesktopActionsToolkit -Djava.rmi.server.hostname=127.0.0.1 -Duser.timezone=UTC -Xmx1024m -Xms128m --add-exports=java.desktop/sun.awt=ALL-UNNAMED --add-exports=java.desktop/java.awt.peer=ALL-UNNAMED --add-opens=java.desktop/java.awt=ALL-UNNAMED --add-opens=jdk.unsupported/sun.misc=ALL-UNNAMED --add-opens=java.base/java.nio=ALL-UNNAMED -Dfile.encoding=UTF-8 com.intellij.database.remote.RemoteJdbcServer com.mysql.cj.jdbc.Driver

Host: Intel(R) Core(TM) i5-2410M CPU @ 2.30GHz, 4 cores, 9G,  Windows 10 , 64 bit Build 18362 (10.0.18362.329)
Time: Mon May 22 15:15:45 2023 Западная Азия (зима) elapsed time: 4160.446247 seconds (0d 1h 9m 20s)

---------------  T H R E A D  ---------------

Current thread (0x000001488510bd10):  JavaThread "C2 CompilerThread0" daemon [_thread_in_native, id=7580, stack(0x00000016f1500000,0x00000016f1600000)]


Current CompileTask:
C2:4160446 2168   !   4       java.io.ObjectOutputStream::writeObject0 (620 bytes)

Stack: [0x00000016f1500000,0x00000016f1600000]
Native frames: (J=compiled Java code, j=interpreted, Vv=VM code, C=native code)
V  [jvm.dll+0x68356a]
V  [jvm.dll+0x83fab4]
V  [jvm.dll+0x84125e]
V  [jvm.dll+0x8418c3]
V  [jvm.dll+0x249735]
V  [jvm.dll+0xabf7c]
V  [jvm.dll+0xac32c]
V  [jvm.dll+0x1aba1a]
V  [jvm.dll+0x65f83c]
V  [jvm.dll+0x344530]
V  [jvm.dll+0x34cf02]
V  [jvm.dll+0x690e3e]
V  [jvm.dll+0x1a7ffc]
V  [jvm.dll+0x1a8bc6]
V  [jvm.dll+0x2afb84]
V  [jvm.dll+0x69b975]
V  [jvm.dll+0x69392b]
V  [jvm.dll+0x692f67]
V  [jvm.dll+0x690e62]
V  [jvm.dll+0x1a7ffc]
V  [jvm.dll+0x1a8bc6]
V  [jvm.dll+0x2afb84]
V  [jvm.dll+0x69b975]
V  [jvm.dll+0x69392b]
V  [jvm.dll+0x692f67]
V  [jvm.dll+0x690e62]
V  [jvm.dll+0x1a7ffc]
V  [jvm.dll+0x1a8bc6]
V  [jvm.dll+0x2afb84]
V  [jvm.dll+0x69b975]
V  [jvm.dll+0x69392b]
V  [jvm.dll+0x692f67]
V  [jvm.dll+0x690e62]
V  [jvm.dll+0x1a7ffc]
V  [jvm.dll+0x1a8bc6]
V  [jvm.dll+0x2afb84]
V  [jvm.dll+0x69b975]
V  [jvm.dll+0x69392b]
V  [jvm.dll+0x692f67]
V  [jvm.dll+0x690e62]
V  [jvm.dll+0x1a7ffc]
V  [jvm.dll+0x21ae28]
V  [jvm.dll+0x1a4dfd]
V  [jvm.dll+0x22acd8]
V  [jvm.dll+0x228d89]
V  [jvm.dll+0x7f53ac]
V  [jvm.dll+0x7ef8da]
V  [jvm.dll+0x6823a5]
C  [ucrtbase.dll+0x20e72]
C  [KERNEL32.DLL+0x17bd4]
C  [ntdll.dll+0x6ced1]


---------------  P R O C E S S  ---------------

Threads class SMR info:
_java_thread_list=0x0000014885be0430, length=23, elements={
0x00000148ed432130, 0x00000148846d92e0, 0x00000148846da800, 0x000001488470c180,
0x000001488470da50, 0x000001488470eab0, 0x0000014884711380, 0x000001488510bd10,
0x000001488510fdd0, 0x0000014885138be0, 0x00000148852a2010, 0x00000148852a64f0,
0x0000014885398830, 0x0000014885589500, 0x000001488558beb0, 0x00000148855ca880,
0x0000014885609d70, 0x000001488560ac60, 0x0000014885606830, 0x00000148856bbcd0,
0x00000148856bc670, 0x00000148856be820, 0x00000148856bf690
}

Java Threads: ( => current thread )
  0x00000148ed432130 JavaThread "main" [_thread_blocked, id=4196, stack(0x00000016f0800000,0x00000016f0900000)]
  0x00000148846d92e0 JavaThread "Reference Handler" daemon [_thread_blocked, id=6308, stack(0x00000016f0f00000,0x00000016f1000000)]
  0x00000148846da800 JavaThread "Finalizer" daemon [_thread_blocked, id=3080, stack(0x00000016f1000000,0x00000016f1100000)]
  0x000001488470c180 JavaThread "Signal Dispatcher" daemon [_thread_blocked, id=3120, stack(0x00000016f1100000,0x00000016f1200000)]
  0x000001488470da50 JavaThread "Attach Listener" daemon [_thread_blocked, id=4248, stack(0x00000016f1200000,0x00000016f1300000)]
  0x000001488470eab0 JavaThread "Service Thread" daemon [_thread_blocked, id=4588, stack(0x00000016f1300000,0x00000016f1400000)]
  0x0000014884711380 JavaThread "Monitor Deflation Thread" daemon [_thread_blocked, id=1396, stack(0x00000016f1400000,0x00000016f1500000)]
=>0x000001488510bd10 JavaThread "C2 CompilerThread0" daemon [_thread_in_native, id=7580, stack(0x00000016f1500000,0x00000016f1600000)]
  0x000001488510fdd0 JavaThread "C1 CompilerThread0" daemon [_thread_blocked, id=1992, stack(0x00000016f1600000,0x00000016f1700000)]
  0x0000014885138be0 JavaThread "Sweeper thread" daemon [_thread_blocked, id=7504, stack(0x00000016f1700000,0x00000016f1800000)]
  0x00000148852a2010 JavaThread "Common-Cleaner" daemon [_thread_blocked, id=4172, stack(0x00000016f1800000,0x00000016f1900000)]
  0x00000148852a64f0 JavaThread "Notification Thread" daemon [_thread_blocked, id=7548, stack(0x00000016f1900000,0x00000016f1a00000)]
  0x0000014885398830 JavaThread "mysql-cj-abandoned-connection-cleanup" daemon [_thread_blocked, id=4980, stack(0x00000016f1b00000,0x00000016f1c00000)]
  0x0000014885589500 JavaThread "Java2D Disposer" daemon [_thread_blocked, id=7992, stack(0x00000016f1c00000,0x00000016f1d00000)]
  0x000001488558beb0 JavaThread "AWT-Windows" daemon [_thread_in_native, id=2276, stack(0x00000016f1e00000,0x00000016f1f00000)]
  0x00000148855ca880 JavaThread "RMI TCP Accept-35084" daemon [_thread_in_native, id=2384, stack(0x00000016f1f00000,0x00000016f2000000)]
  0x0000014885609d70 JavaThread "RMI TCP Accept-0" daemon [_thread_in_native, id=3888, stack(0x00000016f2000000,0x00000016f2100000)]
  0x000001488560ac60 JavaThread "RMI Reaper" [_thread_blocked, id=3792, stack(0x00000016f2100000,0x00000016f2200000)]
  0x0000014885606830 JavaThread "RMI GC Daemon" daemon [_thread_blocked, id=5440, stack(0x00000016f2200000,0x00000016f2300000)]
  0x00000148856bbcd0 JavaThread "RMI TCP Connection(1)-127.0.0.1" daemon [_thread_in_native, id=228, stack(0x00000016f2300000,0x00000016f2400000)]
  0x00000148856bc670 JavaThread "RMI Scheduler(0)" daemon [_thread_blocked, id=4800, stack(0x00000016f2400000,0x00000016f2500000)]
  0x00000148856be820 JavaThread "RMI TCP Connection(2)-127.0.0.1" daemon [_thread_in_native, id=8132, stack(0x00000016f2500000,0x00000016f2600000)]
  0x00000148856bf690 JavaThread "RMI RenewClean-[127.0.0.1:51262]" daemon [_thread_blocked, id=7572, stack(0x00000016f2600000,0x00000016f2700000)]

Other Threads:
  0x000001488467a060 VMThread "VM Thread" [stack: 0x00000016f0e00000,0x00000016f0f00000] [id=4972]
  0x00000148852a6dd0 WatcherThread [stack: 0x00000016f1a00000,0x00000016f1b00000] [id=2928]
  0x00000148ed46e3f0 GCTaskThread "GC Thread#0" [stack: 0x00000016f0900000,0x00000016f0a00000] [id=4736]
  0x0000014885782700 GCTaskThread "GC Thread#1" [stack: 0x00000016f2800000,0x00000016f2900000] [id=5388]
  0x0000014885a32610 GCTaskThread "GC Thread#2" [stack: 0x00000016f2900000,0x00000016f2a00000] [id=3192]
  0x0000014885a25ba0 GCTaskThread "GC Thread#3" [stack: 0x00000016f2a00000,0x00000016f2b00000] [id=6676]
  0x00000148ed477240 ConcurrentGCThread "G1 Main Marker" [stack: 0x00000016f0a00000,0x00000016f0b00000] [id=6380]
  0x00000148ed479b80 ConcurrentGCThread "G1 Conc#0" [stack: 0x00000016f0b00000,0x00000016f0c00000] [id=6956]
  0x00000148ed4e06c0 ConcurrentGCThread "G1 Refine#0" [stack: 0x00000016f0c00000,0x00000016f0d00000] [id=4836]
  0x0000014885b47e40 ConcurrentGCThread "G1 Refine#1" [stack: 0x00000016f2b00000,0x00000016f2c00000] [id=5008]
  0x00000148ed4e0ff0 ConcurrentGCThread "G1 Service" [stack: 0x00000016f0d00000,0x00000016f0e00000] [id=5468]

Threads with active compile tasks:
C2 CompilerThread0  4160484 2168   !   4       java.io.ObjectOutputStream::writeObject0 (620 bytes)

VM state: not at safepoint (normal execution)

VM Mutex/Monitor currently owned by a thread: None

Heap address: 0x00000000c0000000, size: 1024 MB, Compressed Oops mode: 32-bit

CDS archive(s) not mapped
Compressed class space mapped at: 0x0000000100000000-0x0000000140000000, reserved size: 1073741824
Narrow klass base: 0x0000000000000000, Narrow klass shift: 3, Narrow klass range: 0x140000000

GC Precious Log:
 CPUs: 4 total, 4 available
 Memory: 10018M
 Large Page Support: Disabled
 NUMA Support: Disabled
 Compressed Oops: Enabled (32-bit)
 Heap Region Size: 1M
 Heap Min Capacity: 128M
 Heap Initial Capacity: 128M
 Heap Max Capacity: 1G
 Pre-touch: Disabled
 Parallel Workers: 4
 Concurrent Workers: 1
 Concurrent Refinement Workers: 4
 Periodic GC: Disabled

Heap:
 garbage-first heap   total 131072K, used 7534K [0x00000000c0000000, 0x0000000100000000)
  region size 1024K, 3 young (3072K), 0 survivors (0K)
 Metaspace       used 19799K, committed 20096K, reserved 1073152K
  class space    used 1927K, committed 2048K, reserved 1048576K

Heap Regions: E=young(eden), S=young(survivor), O=old, HS=humongous(starts), HC=humongous(continues), CS=collection set, F=free, OA=open archive, CA=closed archive, TAMS=top-at-mark-start (previous, next)
|   0|0x00000000c0000000, 0x00000000c0100000, 0x00000000c0100000|100%| O|  |TAMS 0x00000000c0100000, 0x00000000c0000000| Untracked 
|   1|0x00000000c0100000, 0x00000000c01b5658, 0x00000000c0200000| 70%| O|  |TAMS 0x00000000c0100000, 0x00000000c0100000| Untracked 
|   2|0x00000000c0200000, 0x00000000c0300000, 0x00000000c0300000|100%| O|  |TAMS 0x00000000c0300000, 0x00000000c0200000| Untracked 
|   3|0x00000000c0300000, 0x00000000c03ffff0, 0x00000000c0400000| 99%| O|  |TAMS 0x00000000c0300000, 0x00000000c0300000| Untracked 
|   4|0x00000000c0400000, 0x00000000c049e700, 0x00000000c0500000| 61%| O|  |TAMS 0x00000000c0400000, 0x00000000c0400000| Untracked 
|   5|0x00000000c0500000, 0x00000000c0500000, 0x00000000c0600000|  0%| F|  |TAMS 0x00000000c0500000, 0x00000000c0500000| Untracked 
|   6|0x00000000c0600000, 0x00000000c0600000, 0x00000000c0700000|  0%| F|  |TAMS 0x00000000c0600000, 0x00000000c0600000| Untracked 
|   7|0x00000000c0700000, 0x00000000c0700000, 0x00000000c0800000|  0%| F|  |TAMS 0x00000000c0700000, 0x00000000c0700000| Untracked 
|   8|0x00000000c0800000, 0x00000000c0800000, 0x00000000c0900000|  0%| F|  |TAMS 0x00000000c0800000, 0x00000000c0800000| Untracked 
|   9|0x00000000c0900000, 0x00000000c0900000, 0x00000000c0a00000|  0%| F|  |TAMS 0x00000000c0900000, 0x00000000c0900000| Untracked 
|  10|0x00000000c0a00000, 0x00000000c0a00000, 0x00000000c0b00000|  0%| F|  |TAMS 0x00000000c0a00000, 0x00000000c0a00000| Untracked 
|  11|0x00000000c0b00000, 0x00000000c0b00000, 0x00000000c0c00000|  0%| F|  |TAMS 0x00000000c0b00000, 0x00000000c0b00000| Untracked 
|  12|0x00000000c0c00000, 0x00000000c0c00000, 0x00000000c0d00000|  0%| F|  |TAMS 0x00000000c0c00000, 0x00000000c0c00000| Untracked 
|  13|0x00000000c0d00000, 0x00000000c0d00000, 0x00000000c0e00000|  0%| F|  |TAMS 0x00000000c0d00000, 0x00000000c0d00000| Untracked 
|  14|0x00000000c0e00000, 0x00000000c0e00000, 0x00000000c0f00000|  0%| F|  |TAMS 0x00000000c0e00000, 0x00000000c0e00000| Untracked 
|  15|0x00000000c0f00000, 0x00000000c0f00000, 0x00000000c1000000|  0%| F|  |TAMS 0x00000000c0f00000, 0x00000000c0f00000| Untracked 
|  16|0x00000000c1000000, 0x00000000c1000000, 0x00000000c1100000|  0%| F|  |TAMS 0x00000000c1000000, 0x00000000c1000000| Untracked 
|  17|0x00000000c1100000, 0x00000000c1100000, 0x00000000c1200000|  0%| F|  |TAMS 0x00000000c1100000, 0x00000000c1100000| Untracked 
|  18|0x00000000c1200000, 0x00000000c1200000, 0x00000000c1300000|  0%| F|  |TAMS 0x00000000c1200000, 0x00000000c1200000| Untracked 
|  19|0x00000000c1300000, 0x00000000c1300000, 0x00000000c1400000|  0%| F|  |TAMS 0x00000000c1300000, 0x00000000c1300000| Untracked 
|  20|0x00000000c1400000, 0x00000000c1400000, 0x00000000c1500000|  0%| F|  |TAMS 0x00000000c1400000, 0x00000000c1400000| Untracked 
|  21|0x00000000c1500000, 0x00000000c1500000, 0x00000000c1600000|  0%| F|  |TAMS 0x00000000c1500000, 0x00000000c1500000| Untracked 
|  22|0x00000000c1600000, 0x00000000c1600000, 0x00000000c1700000|  0%| F|  |TAMS 0x00000000c1600000, 0x00000000c1600000| Untracked 
|  23|0x00000000c1700000, 0x00000000c1700000, 0x00000000c1800000|  0%| F|  |TAMS 0x00000000c1700000, 0x00000000c1700000| Untracked 
|  24|0x00000000c1800000, 0x00000000c1800000, 0x00000000c1900000|  0%| F|  |TAMS 0x00000000c1800000, 0x00000000c1800000| Untracked 
|  25|0x00000000c1900000, 0x00000000c1900000, 0x00000000c1a00000|  0%| F|  |TAMS 0x00000000c1900000, 0x00000000c1900000| Untracked 
|  26|0x00000000c1a00000, 0x00000000c1a00000, 0x00000000c1b00000|  0%| F|  |TAMS 0x00000000c1a00000, 0x00000000c1a00000| Untracked 
|  27|0x00000000c1b00000, 0x00000000c1b00000, 0x00000000c1c00000|  0%| F|  |TAMS 0x00000000c1b00000, 0x00000000c1b00000| Untracked 
|  28|0x00000000c1c00000, 0x00000000c1c00000, 0x00000000c1d00000|  0%| F|  |TAMS 0x00000000c1c00000, 0x00000000c1c00000| Untracked 
|  29|0x00000000c1d00000, 0x00000000c1d00000, 0x00000000c1e00000|  0%| F|  |TAMS 0x00000000c1d00000, 0x00000000c1d00000| Untracked 
|  30|0x00000000c1e00000, 0x00000000c1e00000, 0x00000000c1f00000|  0%| F|  |TAMS 0x00000000c1e00000, 0x00000000c1e00000| Untracked 
|  31|0x00000000c1f00000, 0x00000000c1f00000, 0x00000000c2000000|  0%| F|  |TAMS 0x00000000c1f00000, 0x00000000c1f00000| Untracked 
|  32|0x00000000c2000000, 0x00000000c2000000, 0x00000000c2100000|  0%| F|  |TAMS 0x00000000c2000000, 0x00000000c2000000| Untracked 
|  33|0x00000000c2100000, 0x00000000c2100000, 0x00000000c2200000|  0%| F|  |TAMS 0x00000000c2100000, 0x00000000c2100000| Untracked 
|  34|0x00000000c2200000, 0x00000000c2200000, 0x00000000c2300000|  0%| F|  |TAMS 0x00000000c2200000, 0x00000000c2200000| Untracked 
|  35|0x00000000c2300000, 0x00000000c2300000, 0x00000000c2400000|  0%| F|  |TAMS 0x00000000c2300000, 0x00000000c2300000| Untracked 
|  36|0x00000000c2400000, 0x00000000c2400000, 0x00000000c2500000|  0%| F|  |TAMS 0x00000000c2400000, 0x00000000c2400000| Untracked 
|  37|0x00000000c2500000, 0x00000000c2500000, 0x00000000c2600000|  0%| F|  |TAMS 0x00000000c2500000, 0x00000000c2500000| Untracked 
|  38|0x00000000c2600000, 0x00000000c2600000, 0x00000000c2700000|  0%| F|  |TAMS 0x00000000c2600000, 0x00000000c2600000| Untracked 
|  39|0x00000000c2700000, 0x00000000c2700000, 0x00000000c2800000|  0%| F|  |TAMS 0x00000000c2700000, 0x00000000c2700000| Untracked 
|  40|0x00000000c2800000, 0x00000000c2800000, 0x00000000c2900000|  0%| F|  |TAMS 0x00000000c2800000, 0x00000000c2800000| Untracked 
|  41|0x00000000c2900000, 0x00000000c2900000, 0x00000000c2a00000|  0%| F|  |TAMS 0x00000000c2900000, 0x00000000c2900000| Untracked 
|  42|0x00000000c2a00000, 0x00000000c2a00000, 0x00000000c2b00000|  0%| F|  |TAMS 0x00000000c2a00000, 0x00000000c2a00000| Untracked 
|  43|0x00000000c2b00000, 0x00000000c2b00000, 0x00000000c2c00000|  0%| F|  |TAMS 0x00000000c2b00000, 0x00000000c2b00000| Untracked 
|  44|0x00000000c2c00000, 0x00000000c2c00000, 0x00000000c2d00000|  0%| F|  |TAMS 0x00000000c2c00000, 0x00000000c2c00000| Untracked 
|  45|0x00000000c2d00000, 0x00000000c2d00000, 0x00000000c2e00000|  0%| F|  |TAMS 0x00000000c2d00000, 0x00000000c2d00000| Untracked 
|  46|0x00000000c2e00000, 0x00000000c2e00000, 0x00000000c2f00000|  0%| F|  |TAMS 0x00000000c2e00000, 0x00000000c2e00000| Untracked 
|  47|0x00000000c2f00000, 0x00000000c2f00000, 0x00000000c3000000|  0%| F|  |TAMS 0x00000000c2f00000, 0x00000000c2f00000| Untracked 
|  48|0x00000000c3000000, 0x00000000c3000000, 0x00000000c3100000|  0%| F|  |TAMS 0x00000000c3000000, 0x00000000c3000000| Untracked 
|  49|0x00000000c3100000, 0x00000000c3100000, 0x00000000c3200000|  0%| F|  |TAMS 0x00000000c3100000, 0x00000000c3100000| Untracked 
|  50|0x00000000c3200000, 0x00000000c3200000, 0x00000000c3300000|  0%| F|  |TAMS 0x00000000c3200000, 0x00000000c3200000| Untracked 
|  51|0x00000000c3300000, 0x00000000c3300000, 0x00000000c3400000|  0%| F|  |TAMS 0x00000000c3300000, 0x00000000c3300000| Untracked 
|  52|0x00000000c3400000, 0x00000000c3400000, 0x00000000c3500000|  0%| F|  |TAMS 0x00000000c3400000, 0x00000000c3400000| Untracked 
|  53|0x00000000c3500000, 0x00000000c3500000, 0x00000000c3600000|  0%| F|  |TAMS 0x00000000c3500000, 0x00000000c3500000| Untracked 
|  54|0x00000000c3600000, 0x00000000c3600000, 0x00000000c3700000|  0%| F|  |TAMS 0x00000000c3600000, 0x00000000c3600000| Untracked 
|  55|0x00000000c3700000, 0x00000000c3700000, 0x00000000c3800000|  0%| F|  |TAMS 0x00000000c3700000, 0x00000000c3700000| Untracked 
|  56|0x00000000c3800000, 0x00000000c3800000, 0x00000000c3900000|  0%| F|  |TAMS 0x00000000c3800000, 0x00000000c3800000| Untracked 
|  57|0x00000000c3900000, 0x00000000c3900000, 0x00000000c3a00000|  0%| F|  |TAMS 0x00000000c3900000, 0x00000000c3900000| Untracked 
|  58|0x00000000c3a00000, 0x00000000c3a00000, 0x00000000c3b00000|  0%| F|  |TAMS 0x00000000c3a00000, 0x00000000c3a00000| Untracked 
|  59|0x00000000c3b00000, 0x00000000c3b00000, 0x00000000c3c00000|  0%| F|  |TAMS 0x00000000c3b00000, 0x00000000c3b00000| Untracked 
|  60|0x00000000c3c00000, 0x00000000c3c00000, 0x00000000c3d00000|  0%| F|  |TAMS 0x00000000c3c00000, 0x00000000c3c00000| Untracked 
|  61|0x00000000c3d00000, 0x00000000c3d00000, 0x00000000c3e00000|  0%| F|  |TAMS 0x00000000c3d00000, 0x00000000c3d00000| Untracked 
|  62|0x00000000c3e00000, 0x00000000c3e00000, 0x00000000c3f00000|  0%| F|  |TAMS 0x00000000c3e00000, 0x00000000c3e00000| Untracked 
|  63|0x00000000c3f00000, 0x00000000c3f00000, 0x00000000c4000000|  0%| F|  |TAMS 0x00000000c3f00000, 0x00000000c3f00000| Untracked 
|  64|0x00000000c4000000, 0x00000000c4000000, 0x00000000c4100000|  0%| F|  |TAMS 0x00000000c4000000, 0x00000000c4000000| Untracked 
|  65|0x00000000c4100000, 0x00000000c4100000, 0x00000000c4200000|  0%| F|  |TAMS 0x00000000c4100000, 0x00000000c4100000| Untracked 
|  66|0x00000000c4200000, 0x00000000c4200000, 0x00000000c4300000|  0%| F|  |TAMS 0x00000000c4200000, 0x00000000c4200000| Untracked 
|  67|0x00000000c4300000, 0x00000000c4300000, 0x00000000c4400000|  0%| F|  |TAMS 0x00000000c4300000, 0x00000000c4300000| Untracked 
|  68|0x00000000c4400000, 0x00000000c4400000, 0x00000000c4500000|  0%| F|  |TAMS 0x00000000c4400000, 0x00000000c4400000| Untracked 
|  69|0x00000000c4500000, 0x00000000c4500000, 0x00000000c4600000|  0%| F|  |TAMS 0x00000000c4500000, 0x00000000c4500000| Untracked 
|  70|0x00000000c4600000, 0x00000000c4600000, 0x00000000c4700000|  0%| F|  |TAMS 0x00000000c4600000, 0x00000000c4600000| Untracked 
|  71|0x00000000c4700000, 0x00000000c4700000, 0x00000000c4800000|  0%| F|  |TAMS 0x00000000c4700000, 0x00000000c4700000| Untracked 
|  72|0x00000000c4800000, 0x00000000c4800000, 0x00000000c4900000|  0%| F|  |TAMS 0x00000000c4800000, 0x00000000c4800000| Untracked 
|  73|0x00000000c4900000, 0x00000000c4900000, 0x00000000c4a00000|  0%| F|  |TAMS 0x00000000c4900000, 0x00000000c4900000| Untracked 
|  74|0x00000000c4a00000, 0x00000000c4a00000, 0x00000000c4b00000|  0%| F|  |TAMS 0x00000000c4a00000, 0x00000000c4a00000| Untracked 
|  75|0x00000000c4b00000, 0x00000000c4b00000, 0x00000000c4c00000|  0%| F|  |TAMS 0x00000000c4b00000, 0x00000000c4b00000| Untracked 
|  76|0x00000000c4c00000, 0x00000000c4c00000, 0x00000000c4d00000|  0%| F|  |TAMS 0x00000000c4c00000, 0x00000000c4c00000| Untracked 
|  77|0x00000000c4d00000, 0x00000000c4d00000, 0x00000000c4e00000|  0%| F|  |TAMS 0x00000000c4d00000, 0x00000000c4d00000| Untracked 
|  78|0x00000000c4e00000, 0x00000000c4e00000, 0x00000000c4f00000|  0%| F|  |TAMS 0x00000000c4e00000, 0x00000000c4e00000| Untracked 
|  79|0x00000000c4f00000, 0x00000000c4f00000, 0x00000000c5000000|  0%| F|  |TAMS 0x00000000c4f00000, 0x00000000c4f00000| Untracked 
|  80|0x00000000c5000000, 0x00000000c5000000, 0x00000000c5100000|  0%| F|  |TAMS 0x00000000c5000000, 0x00000000c5000000| Untracked 
|  81|0x00000000c5100000, 0x00000000c5100000, 0x00000000c5200000|  0%| F|  |TAMS 0x00000000c5100000, 0x00000000c5100000| Untracked 
|  82|0x00000000c5200000, 0x00000000c5200000, 0x00000000c5300000|  0%| F|  |TAMS 0x00000000c5200000, 0x00000000c5200000| Untracked 
|  83|0x00000000c5300000, 0x00000000c5300000, 0x00000000c5400000|  0%| F|  |TAMS 0x00000000c5300000, 0x00000000c5300000| Untracked 
|  84|0x00000000c5400000, 0x00000000c5400000, 0x00000000c5500000|  0%| F|  |TAMS 0x00000000c5400000, 0x00000000c5400000| Untracked 
|  85|0x00000000c5500000, 0x00000000c5500000, 0x00000000c5600000|  0%| F|  |TAMS 0x00000000c5500000, 0x00000000c5500000| Untracked 
|  86|0x00000000c5600000, 0x00000000c5600000, 0x00000000c5700000|  0%| F|  |TAMS 0x00000000c5600000, 0x00000000c5600000| Untracked 
|  87|0x00000000c5700000, 0x00000000c5700000, 0x00000000c5800000|  0%| F|  |TAMS 0x00000000c5700000, 0x00000000c5700000| Untracked 
|  88|0x00000000c5800000, 0x00000000c5800000, 0x00000000c5900000|  0%| F|  |TAMS 0x00000000c5800000, 0x00000000c5800000| Untracked 
|  89|0x00000000c5900000, 0x00000000c5900000, 0x00000000c5a00000|  0%| F|  |TAMS 0x00000000c5900000, 0x00000000c5900000| Untracked 
|  90|0x00000000c5a00000, 0x00000000c5a00000, 0x00000000c5b00000|  0%| F|  |TAMS 0x00000000c5a00000, 0x00000000c5a00000| Untracked 
|  91|0x00000000c5b00000, 0x00000000c5b00000, 0x00000000c5c00000|  0%| F|  |TAMS 0x00000000c5b00000, 0x00000000c5b00000| Untracked 
|  92|0x00000000c5c00000, 0x00000000c5c00000, 0x00000000c5d00000|  0%| F|  |TAMS 0x00000000c5c00000, 0x00000000c5c00000| Untracked 
|  93|0x00000000c5d00000, 0x00000000c5d00000, 0x00000000c5e00000|  0%| F|  |TAMS 0x00000000c5d00000, 0x00000000c5d00000| Untracked 
|  94|0x00000000c5e00000, 0x00000000c5e00000, 0x00000000c5f00000|  0%| F|  |TAMS 0x00000000c5e00000, 0x00000000c5e00000| Untracked 
|  95|0x00000000c5f00000, 0x00000000c5f00000, 0x00000000c6000000|  0%| F|  |TAMS 0x00000000c5f00000, 0x00000000c5f00000| Untracked 
|  96|0x00000000c6000000, 0x00000000c6000000, 0x00000000c6100000|  0%| F|  |TAMS 0x00000000c6000000, 0x00000000c6000000| Untracked 
|  97|0x00000000c6100000, 0x00000000c6100000, 0x00000000c6200000|  0%| F|  |TAMS 0x00000000c6100000, 0x00000000c6100000| Untracked 
|  98|0x00000000c6200000, 0x00000000c6200000, 0x00000000c6300000|  0%| F|  |TAMS 0x00000000c6200000, 0x00000000c6200000| Untracked 
|  99|0x00000000c6300000, 0x00000000c6300000, 0x00000000c6400000|  0%| F|  |TAMS 0x00000000c6300000, 0x00000000c6300000| Untracked 
| 100|0x00000000c6400000, 0x00000000c6400000, 0x00000000c6500000|  0%| F|  |TAMS 0x00000000c6400000, 0x00000000c6400000| Untracked 
| 101|0x00000000c6500000, 0x00000000c6500000, 0x00000000c6600000|  0%| F|  |TAMS 0x00000000c6500000, 0x00000000c6500000| Untracked 
| 102|0x00000000c6600000, 0x00000000c6600000, 0x00000000c6700000|  0%| F|  |TAMS 0x00000000c6600000, 0x00000000c6600000| Untracked 
| 103|0x00000000c6700000, 0x00000000c6700000, 0x00000000c6800000|  0%| F|  |TAMS 0x00000000c6700000, 0x00000000c6700000| Untracked 
| 104|0x00000000c6800000, 0x00000000c6800000, 0x00000000c6900000|  0%| F|  |TAMS 0x00000000c6800000, 0x00000000c6800000| Untracked 
| 105|0x00000000c6900000, 0x00000000c6900000, 0x00000000c6a00000|  0%| F|  |TAMS 0x00000000c6900000, 0x00000000c6900000| Untracked 
| 106|0x00000000c6a00000, 0x00000000c6a00000, 0x00000000c6b00000|  0%| F|  |TAMS 0x00000000c6a00000, 0x00000000c6a00000| Untracked 
| 107|0x00000000c6b00000, 0x00000000c6b00000, 0x00000000c6c00000|  0%| F|  |TAMS 0x00000000c6b00000, 0x00000000c6b00000| Untracked 
| 108|0x00000000c6c00000, 0x00000000c6c00000, 0x00000000c6d00000|  0%| F|  |TAMS 0x00000000c6c00000, 0x00000000c6c00000| Untracked 
| 109|0x00000000c6d00000, 0x00000000c6d00000, 0x00000000c6e00000|  0%| F|  |TAMS 0x00000000c6d00000, 0x00000000c6d00000| Untracked 
| 110|0x00000000c6e00000, 0x00000000c6e00000, 0x00000000c6f00000|  0%| F|  |TAMS 0x00000000c6e00000, 0x00000000c6e00000| Untracked 
| 111|0x00000000c6f00000, 0x00000000c6f00000, 0x00000000c7000000|  0%| F|  |TAMS 0x00000000c6f00000, 0x00000000c6f00000| Untracked 
| 112|0x00000000c7000000, 0x00000000c7000000, 0x00000000c7100000|  0%| F|  |TAMS 0x00000000c7000000, 0x00000000c7000000| Untracked 
| 113|0x00000000c7100000, 0x00000000c7100000, 0x00000000c7200000|  0%| F|  |TAMS 0x00000000c7100000, 0x00000000c7100000| Untracked 
| 114|0x00000000c7200000, 0x00000000c7200000, 0x00000000c7300000|  0%| F|  |TAMS 0x00000000c7200000, 0x00000000c7200000| Untracked 
| 115|0x00000000c7300000, 0x00000000c7300000, 0x00000000c7400000|  0%| F|  |TAMS 0x00000000c7300000, 0x00000000c7300000| Untracked 
| 116|0x00000000c7400000, 0x00000000c7500000, 0x00000000c7500000|100%| O|  |TAMS 0x00000000c7500000, 0x00000000c7400000| Untracked 
| 117|0x00000000c7500000, 0x00000000c7507e00, 0x00000000c7600000|  3%| O|  |TAMS 0x00000000c7500000, 0x00000000c7500000| Untracked 
| 118|0x00000000c7600000, 0x00000000c7600000, 0x00000000c7700000|  0%| F|  |TAMS 0x00000000c7600000, 0x00000000c7600000| Untracked 
| 119|0x00000000c7700000, 0x00000000c7700000, 0x00000000c7800000|  0%| F|  |TAMS 0x00000000c7700000, 0x00000000c7700000| Untracked 
| 120|0x00000000c7800000, 0x00000000c7800000, 0x00000000c7900000|  0%| F|  |TAMS 0x00000000c7800000, 0x00000000c7800000| Untracked 
| 121|0x00000000c7900000, 0x00000000c7900000, 0x00000000c7a00000|  0%| F|  |TAMS 0x00000000c7900000, 0x00000000c7900000| Untracked 
| 122|0x00000000c7a00000, 0x00000000c7a00000, 0x00000000c7b00000|  0%| F|  |TAMS 0x00000000c7a00000, 0x00000000c7a00000| Untracked 
| 123|0x00000000c7b00000, 0x00000000c7b00000, 0x00000000c7c00000|  0%| F|  |TAMS 0x00000000c7b00000, 0x00000000c7b00000| Untracked 
| 124|0x00000000c7c00000, 0x00000000c7c00000, 0x00000000c7d00000|  0%| F|  |TAMS 0x00000000c7c00000, 0x00000000c7c00000| Untracked 
| 125|0x00000000c7d00000, 0x00000000c7d9e068, 0x00000000c7e00000| 61%| E|  |TAMS 0x00000000c7d00000, 0x00000000c7d00000| Complete 
| 126|0x00000000c7e00000, 0x00000000c7f00000, 0x00000000c7f00000|100%| E|CS|TAMS 0x00000000c7e00000, 0x00000000c7e00000| Complete 
| 127|0x00000000c7f00000, 0x00000000c8000000, 0x00000000c8000000|100%| E|CS|TAMS 0x00000000c7f00000, 0x00000000c7f00000| Complete 

Card table byte_map: [0x00000148ffd80000,0x00000148fff80000] _byte_map_base: 0x00000148ff780000

Marking Bits (Prev, Next): (CMBitMap*) 0x00000148ed46e950, (CMBitMap*) 0x00000148ed46e910
 Prev Bits: [0x0000014881200000, 0x0000014882200000)
 Next Bits: [0x0000014880200000, 0x0000014881200000)

Polling page: 0x00000148eb400000

Metaspace:

Usage:
  Non-class:     17.45 MB used.
      Class:      1.88 MB used.
       Both:     19.34 MB used.

Virtual space:
  Non-class space:       24.00 MB reserved,      17.63 MB ( 73%) committed,  3 nodes.
      Class space:        1.00 GB reserved,       2.00 MB ( <1%) committed,  1 nodes.
             Both:        1.02 GB reserved,      19.63 MB (  2%) committed. 

Chunk freelists:
   Non-Class:  2.42 MB
       Class:  2.02 MB
        Both:  4.44 MB

MaxMetaspaceSize: unlimited
CompressedClassSpaceSize: 1.00 GB
Initial GC threshold: 21.00 MB
Current GC threshold: 32.75 MB
CDS: off
MetaspaceReclaimPolicy: balanced
 - commit_granule_bytes: 65536.
 - commit_granule_words: 8192.
 - virtual_space_node_default_size: 1048576.
 - enlarge_chunks_in_place: 1.
 - new_chunks_are_fully_committed: 0.
 - uncommit_free_chunks: 1.
 - use_allocation_guard: 0.
 - handle_deallocations: 1.


Internal statistics:

num_allocs_failed_limit: 0.
num_arena_births: 268.
num_arena_deaths: 0.
num_vsnodes_births: 4.
num_vsnodes_deaths: 0.
num_space_committed: 314.
num_space_uncommitted: 0.
num_chunks_returned_to_freelist: 0.
num_chunks_taken_from_freelist: 566.
num_chunk_merges: 0.
num_chunk_splits: 343.
num_chunks_enlarged: 175.
num_purges: 0.
num_inconsistent_stats: 0.

CodeHeap 'non-profiled nmethods': size=120000Kb used=856Kb max_used=856Kb free=119143Kb
 bounds [0x00000148f8650000, 0x00000148f88c0000, 0x00000148ffb80000]
CodeHeap 'profiled nmethods': size=120000Kb used=4428Kb max_used=4428Kb free=115571Kb
 bounds [0x00000148f1120000, 0x00000148f1580000, 0x00000148f8650000]
CodeHeap 'non-nmethods': size=5760Kb used=1235Kb max_used=1270Kb free=4525Kb
 bounds [0x00000148f0b80000, 0x00000148f0df0000, 0x00000148f1120000]
 total_blobs=2717 nmethods=2165 adapters=465
 compilation: enabled
              stopped_count=0, restarted_count=0
 full_count=0

Compilation events (20 events):
Event: 3633.821 Thread 0x000001488510fdd0 nmethod 2158 0x00000148f156c910 code [0x00000148f156cae0, 0x00000148f156cee8]
Event: 3633.821 Thread 0x000001488510fdd0 2159       3       sun.rmi.transport.Transport::currentTransport (10 bytes)
Event: 3633.821 Thread 0x000001488510fdd0 nmethod 2159 0x00000148f156d110 code [0x00000148f156d2c0, 0x00000148f156d548]
Event: 3683.279 Thread 0x000001488510bd10 2160       4       java.io.ObjectOutputStream$BlockDataOutputStream::writeLong (48 bytes)
Event: 3683.281 Thread 0x000001488510bd10 nmethod 2160 0x00000148f8725290 code [0x00000148f8725400, 0x00000148f8725598]
Event: 3719.295 Thread 0x000001488510fdd0 2161       3       sun.rmi.transport.ConnectionOutputStream::<init> (45 bytes)
Event: 3719.297 Thread 0x000001488510fdd0 nmethod 2161 0x00000148f156d610 code [0x00000148f156d8e0, 0x00000148f156e9b8]
Event: 3746.302 Thread 0x000001488510bd10 2162       4       java.io.DataOutputStream::<init> (19 bytes)
Event: 3746.307 Thread 0x000001488510bd10 nmethod 2162 0x00000148f8725710 code [0x00000148f87258a0, 0x00000148f8725cb8]
Event: 3773.311 Thread 0x000001488510bd10 2163       4       java.rmi.server.ObjID::equals (46 bytes)
Event: 3773.313 Thread 0x000001488510bd10 nmethod 2163 0x00000148f8725e10 code [0x00000148f8725fa0, 0x00000148f87260f8]
Event: 3782.313 Thread 0x000001488510fdd0 2164       3       sun.rmi.transport.StreamRemoteCall::getResultStream (86 bytes)
Event: 3782.315 Thread 0x000001488510fdd0 nmethod 2164 0x00000148f156ef90 code [0x00000148f156f2c0, 0x00000148f1570988]
Event: 3782.315 Thread 0x000001488510fdd0 2165       3       sun.rmi.transport.ConnectionOutputStream::writeID (30 bytes)
Event: 3782.315 Thread 0x000001488510fdd0 nmethod 2165 0x00000148f1571190 code [0x00000148f1571380, 0x00000148f1571888]
Event: 3926.663 Thread 0x000001488510fdd0 2166  s    3       java.util.Vector::indexOf (67 bytes)
Event: 3926.664 Thread 0x000001488510fdd0 nmethod 2166 0x00000148f1571a90 code [0x00000148f1571c80, 0x00000148f1572248]
Event: 3953.900 Thread 0x000001488510fdd0 2167       3       java.net.URI$Parser::scan (76 bytes)
Event: 3953.901 Thread 0x000001488510fdd0 nmethod 2167 0x00000148f1572410 code [0x00000148f1572640, 0x00000148f1572f18]
Event: 4160.431 Thread 0x000001488510bd10 2168   !   4       java.io.ObjectOutputStream::writeObject0 (620 bytes)

GC Heap History (6 events):
Event: 1.575 GC heap before
{Heap before GC invocations=0 (full 0):
 garbage-first heap   total 131072K, used 12288K [0x00000000c0000000, 0x0000000100000000)
  region size 1024K, 13 young (13312K), 0 survivors (0K)
 Metaspace       used 14988K, committed 15232K, reserved 1064960K
  class space    used 1511K, committed 1664K, reserved 1048576K
}
Event: 1.580 GC heap after
{Heap after GC invocations=1 (full 0):
 garbage-first heap   total 131072K, used 3532K [0x00000000c0000000, 0x0000000100000000)
  region size 1024K, 2 young (2048K), 2 survivors (2048K)
 Metaspace       used 14988K, committed 15232K, reserved 1064960K
  class space    used 1511K, committed 1664K, reserved 1048576K
}
Event: 2.928 GC heap before
{Heap before GC invocations=1 (full 0):
 garbage-first heap   total 131072K, used 13772K [0x00000000c0000000, 0x0000000100000000)
  region size 1024K, 13 young (13312K), 2 survivors (2048K)
 Metaspace       used 18601K, committed 18816K, reserved 1073152K
  class space    used 1848K, committed 1920K, reserved 1048576K
}
Event: 2.938 GC heap after
{Heap after GC invocations=2 (full 0):
 garbage-first heap   total 131072K, used 5673K [0x00000000c0000000, 0x0000000100000000)
  region size 1024K, 2 young (2048K), 2 survivors (2048K)
 Metaspace       used 18601K, committed 18816K, reserved 1073152K
  class space    used 1848K, committed 1920K, reserved 1048576K
}
Event: 3600.015 GC heap before
{Heap before GC invocations=2 (full 0):
 garbage-first heap   total 131072K, used 25129K [0x00000000c0000000, 0x0000000100000000)
  region size 1024K, 22 young (22528K), 2 survivors (2048K)
 Metaspace       used 19798K, committed 20096K, reserved 1073152K
  class space    used 1927K, committed 2048K, reserved 1048576K
}
Event: 3600.029 GC heap after
{Heap after GC invocations=3 (full 1):
 garbage-first heap   total 131072K, used 5486K [0x00000000c0000000, 0x0000000100000000)
  region size 1024K, 0 young (0K), 0 survivors (0K)
 Metaspace       used 19798K, committed 20096K, reserved 1073152K
  class space    used 1927K, committed 2048K, reserved 1048576K
}

Deoptimization events (20 events):
Event: 1711.878 Thread 0x00000148856be820 DEOPT PACKING pc=0x00000148f86afd6c sp=0x00000016f25fd970
Event: 1711.878 Thread 0x00000148856be820 DEOPT UNPACKING pc=0x00000148f0bd23a3 sp=0x00000016f25fd910 mode 2
Event: 1711.878 Thread 0x00000148856be820 Uncommon trap: trap_request=0xffffffde fr.pc=0x00000148f86afd6c relative=0x0000000000000d4c
Event: 1711.878 Thread 0x00000148856be820 Uncommon trap: reason=class_check action=maybe_recompile pc=0x00000148f86afd6c method=java.util.HashMap.putVal(ILjava/lang/Object;Ljava/lang/Object;ZZ)Ljava/lang/Object; @ 91 c2
Event: 1711.878 Thread 0x00000148856be820 DEOPT PACKING pc=0x00000148f86afd6c sp=0x00000016f25fd970
Event: 1711.878 Thread 0x00000148856be820 DEOPT UNPACKING pc=0x00000148f0bd23a3 sp=0x00000016f25fd910 mode 2
Event: 1711.878 Thread 0x00000148856be820 Uncommon trap: trap_request=0xffffffde fr.pc=0x00000148f86afda0 relative=0x0000000000000d80
Event: 1711.878 Thread 0x00000148856be820 Uncommon trap: reason=class_check action=maybe_recompile pc=0x00000148f86afda0 method=java.util.HashMap.putVal(ILjava/lang/Object;Ljava/lang/Object;ZZ)Ljava/lang/Object; @ 203 c2
Event: 1711.878 Thread 0x00000148856be820 DEOPT PACKING pc=0x00000148f86afda0 sp=0x00000016f25fd970
Event: 1711.878 Thread 0x00000148856be820 DEOPT UNPACKING pc=0x00000148f0bd23a3 sp=0x00000016f25fd910 mode 2
Event: 1711.878 Thread 0x00000148856be820 Uncommon trap: trap_request=0xffffffde fr.pc=0x00000148f86afd6c relative=0x0000000000000d4c
Event: 1711.878 Thread 0x00000148856be820 Uncommon trap: reason=class_check action=maybe_recompile pc=0x00000148f86afd6c method=java.util.HashMap.putVal(ILjava/lang/Object;Ljava/lang/Object;ZZ)Ljava/lang/Object; @ 91 c2
Event: 1711.878 Thread 0x00000148856be820 DEOPT PACKING pc=0x00000148f86afd6c sp=0x00000016f25fd970
Event: 1711.878 Thread 0x00000148856be820 DEOPT UNPACKING pc=0x00000148f0bd23a3 sp=0x00000016f25fd910 mode 2
Event: 3450.298 Thread 0x00000148856be820 DEOPT PACKING pc=0x00000148f127cfd9 sp=0x00000016f25fcea0
Event: 3450.298 Thread 0x00000148856be820 DEOPT UNPACKING pc=0x00000148f0bd2b43 sp=0x00000016f25fc398 mode 0
Event: 3450.298 Thread 0x00000148856be820 Uncommon trap: trap_request=0xffffff45 fr.pc=0x00000148f8697e90 relative=0x0000000000000cf0
Event: 3450.298 Thread 0x00000148856be820 Uncommon trap: reason=unstable_if action=reinterpret pc=0x00000148f8697e90 method=java.util.Properties$LineReader.readLine()I @ 153 c2
Event: 3450.298 Thread 0x00000148856be820 DEOPT PACKING pc=0x00000148f8697e90 sp=0x00000016f25fcef0
Event: 3450.299 Thread 0x00000148856be820 DEOPT UNPACKING pc=0x00000148f0bd23a3 sp=0x00000016f25fce98 mode 2

Classes unloaded (0 events):
No events

Classes redefined (0 events):
No events

Internal exceptions (20 events):
Event: 0.504 Thread 0x00000148ed432130 Exception <a 'java/io/FileNotFoundException'{0x00000000c7c99f88}> (0x00000000c7c99f88) 
thrown [s\src\hotspot\share\prims\jni.cpp, line 517]
Event: 0.585 Thread 0x00000148ed432130 Exception <a 'java/lang/NoSuchMethodError'{0x00000000c7cd0188}: 'java.lang.Object java.lang.invoke.DirectMethodHandle$Holder.invokeStaticInit(java.lang.Object)'> (0x00000000c7cd0188) 
thrown [s\src\hotspot\share\interpreter\linkResolver.cpp, line 771]
Event: 0.693 Thread 0x00000148ed432130 Exception <a 'java/lang/NoSuchMethodError'{0x00000000c7be4338}: 'java.lang.Object java.lang.invoke.DirectMethodHandle$Holder.invokeStaticInit(java.lang.Object, int, int, int, int)'> (0x00000000c7be4338) 
thrown [s\src\hotspot\share\interpreter\linkResolver.cpp, line 771]
Event: 0.806 Thread 0x00000148ed432130 Exception <a 'java/lang/NoSuchMethodError'{0x00000000c7a92eb0}: 'java.lang.Object java.lang.invoke.DirectMethodHandle$Holder.invokeStaticInit(java.lang.Object, java.lang.Object, int, int, int, int)'> (0x00000000c7a92eb0) 
thrown [s\src\hotspot\share\interpreter\linkResolver.cpp, line 771]
Event: 0.842 Thread 0x00000148ed432130 Exception <a 'java/lang/NoSuchMethodError'{0x00000000c7acd4f8}: 'void java.lang.invoke.DirectMethodHandle$Holder.invokeStatic(java.lang.Object, java.lang.Object)'> (0x00000000c7acd4f8) 
thrown [s\src\hotspot\share\interpreter\linkResolver.cpp, line 771]
Event: 0.905 Thread 0x00000148ed432130 Exception <a 'java/lang/NoSuchMethodError'{0x00000000c785a4c0}: 'java.lang.Object java.lang.invoke.Invokers$Holder.linkToTargetMethod(java.lang.Object, long, java.lang.Object)'> (0x00000000c785a4c0) 
thrown [s\src\hotspot\share\interpreter\linkResolver.cpp, line 771]
Event: 1.058 Thread 0x00000148856be820 Exception <a 'java/lang/NoSuchMethodError'{0x00000000c77ab2a0}: static [B.<clinit>()V> (0x00000000c77ab2a0) 
thrown [s\src\hotspot\share\prims\jni.cpp, line 1108]
Event: 1.299 Thread 0x00000148856be820 Exception <a 'java/lang/NoSuchMethodError'{0x00000000c77dcb18}: static [Ljava/rmi/server/ObjID;.<clinit>()V> (0x00000000c77dcb18) 
thrown [s\src\hotspot\share\prims\jni.cpp, line 1108]
Event: 1.305 Thread 0x00000148856bf690 Exception <a 'java/lang/InterruptedException'{0x00000000c7600000}> (0x00000000c7600000) 
thrown [s\src\hotspot\share\runtime\objectMonitor.cpp, line 1648]
Event: 1.308 Thread 0x00000148856bf690 Exception <a 'java/lang/NoSuchMethodError'{0x00000000c76089f8}: 'java.lang.Object java.lang.invoke.DirectMethodHandle$Holder.newInvokeSpecial(java.lang.Object, java.lang.Object, int, java.lang.Object, long)'> (0x00000000c76089f8) 
thrown [s\src\hotspot\share\interpreter\linkResolver.cpp, line 771]
Event: 1.464 Thread 0x00000148856be820 Exception <a 'java/lang/NoSuchMethodError'{0x00000000c744cc00}: 'java.lang.Object java.lang.invoke.DirectMethodHandle$Holder.invokeInterface(java.lang.Object, java.lang.Object)'> (0x00000000c744cc00) 
thrown [s\src\hotspot\share\interpreter\linkResolver.cpp, line 771]
Event: 1.517 Thread 0x00000148856be820 Exception <a 'java/lang/NoSuchMethodError'{0x00000000c74c5d10}: 'void java.lang.invoke.DirectMethodHandle$Holder.invokeSpecial(java.lang.Object, java.lang.Object, java.lang.Object)'> (0x00000000c74c5d10) 
thrown [s\src\hotspot\share\interpreter\linkResolver.cpp, line 771]
Event: 1.519 Thread 0x00000148856be820 Exception <a 'java/lang/NoSuchMethodError'{0x00000000c74cc970}: 'void java.lang.invoke.DirectMethodHandle$Holder.invokeStatic(java.lang.Object, java.lang.Object, java.lang.Object)'> (0x00000000c74cc970) 
thrown [s\src\hotspot\share\interpreter\linkResolver.cpp, line 771]
Event: 1.524 Thread 0x00000148856be820 Exception <a 'java/lang/NoSuchMethodError'{0x00000000c74d6d18}: 'java.lang.Object java.lang.invoke.DirectMethodHandle$Holder.invokeVirtual(java.lang.Object, java.lang.Object, java.lang.Object)'> (0x00000000c74d6d18) 
thrown [s\src\hotspot\share\interpreter\linkResolver.cpp, line 771]
Event: 2.291 Thread 0x00000148856be820 Implicit null exception at 0x00000148f867cef5 to 0x00000148f867d58c
Event: 2.291 Thread 0x00000148856be820 Implicit null exception at 0x00000148f86a19f2 to 0x00000148f86a2078
Event: 3.105 Thread 0x00000148856be820 Exception <a 'java/lang/NoSuchMethodError'{0x00000000c7e3c7d8}: static Lcom/intellij/database/remote/jdbc/RemoteResultSet$DataRetrievingOptions;.<clinit>()V> (0x00000000c7e3c7d8) 
thrown [s\src\hotspot\share\prims\jni.cpp, line 1108]
Event: 3.133 Thread 0x00000148856be820 Exception <a 'java/lang/NoSuchMethodError'{0x00000000c7eaad38}: static [Ljava/lang/Object;.<clinit>()V> (0x00000000c7eaad38) 
thrown [s\src\hotspot\share\prims\jni.cpp, line 1108]
Event: 1711.916 Thread 0x00000148856be820 Exception <a 'java/lang/NoSuchMethodError'{0x00000000c70b7ec0}: static Lcom/intellij/database/remote/jdbc/ColumnInfo;.<clinit>()V> (0x00000000c70b7ec0) 
thrown [s\src\hotspot\share\prims\jni.cpp, line 1108]
Event: 3450.299 Thread 0x00000148856be820 Exception <a 'java/lang/NoSuchMethodError'{0x00000000c6bedc20}: 'void java.lang.invoke.DirectMethodHandle$Holder.invokeStaticInit(java.lang.Object, java.lang.Object)'> (0x00000000c6bedc20) 
thrown [s\src\hotspot\share\interpreter\linkResolver.cpp, line 771]

VM Operations (20 events):
Event: 1460.161 Executing VM operation: Cleanup
Event: 1460.161 Executing VM operation: Cleanup done
Event: 1544.191 Executing VM operation: Cleanup
Event: 1544.191 Executing VM operation: Cleanup done
Event: 1712.290 Executing VM operation: Cleanup
Event: 1712.290 Executing VM operation: Cleanup done
Event: 1784.395 Executing VM operation: Cleanup
Event: 1784.395 Executing VM operation: Cleanup done
Event: 1804.403 Executing VM operation: Cleanup
Event: 1804.403 Executing VM operation: Cleanup done
Event: 2747.969 Executing VM operation: Cleanup
Event: 2747.969 Executing VM operation: Cleanup done
Event: 3450.294 Executing VM operation: HandshakeAllThreads
Event: 3450.294 Executing VM operation: HandshakeAllThreads done
Event: 3450.294 Executing VM operation: Cleanup
Event: 3450.294 Executing VM operation: Cleanup done
Event: 3452.294 Executing VM operation: Cleanup
Event: 3452.294 Executing VM operation: Cleanup done
Event: 3600.014 Executing VM operation: G1CollectFull
Event: 3600.030 Executing VM operation: G1CollectFull done

Events (20 events):
Event: 3450.295 loading class java/security/spec/KeySpec
Event: 3450.295 loading class java/security/spec/KeySpec done
Event: 3450.296 loading class java/security/UnrecoverableKeyException
Event: 3450.296 loading class java/security/UnrecoverableEntryException
Event: 3450.296 loading class java/security/UnrecoverableEntryException done
Event: 3450.296 loading class java/security/UnrecoverableKeyException done
Event: 3450.296 loading class java/security/KeyStoreException
Event: 3450.296 loading class java/security/KeyStoreException done
Event: 3450.296 loading class java/security/cert/CertificateException
Event: 3450.296 loading class java/security/cert/CertificateException done
Event: 3450.296 loading class java/security/KeyManagementException
Event: 3450.296 loading class java/security/KeyManagementException done
Event: 3450.297 loading class javax/net/ssl/TrustManager
Event: 3450.297 loading class javax/net/ssl/TrustManager done
Event: 3473.531 Thread 0x00000148856bf1c0 Thread added: 0x00000148856bf1c0
Event: 3473.583 Thread 0x00000148856bf1c0 Thread exited: 0x00000148856bf1c0
Event: 3600.030 loading class sun/rmi/transport/DGCClient$EndpointEntry$CleanRequest
Event: 3600.030 loading class sun/rmi/transport/DGCClient$EndpointEntry$CleanRequest done
Event: 3675.929 Thread 0x00000148856bd4e0 Thread added: 0x00000148856bd4e0
Event: 3676.932 Thread 0x00000148856bd4e0 Thread exited: 0x00000148856bd4e0


Dynamic libraries:
0x00007ff6ffc20000 - 0x00007ff6ffc2a000 	D:\PhpStorm 2022.2.3\jbr\bin\java.exe
0x00007ffc97e80000 - 0x00007ffc98070000 	C:\Windows\SYSTEM32\ntdll.dll
0x00007ffc961c0000 - 0x00007ffc96272000 	C:\Windows\System32\KERNEL32.DLL
0x00007ffc95b50000 - 0x00007ffc95df3000 	C:\Windows\System32\KERNELBASE.dll
0x00007ffc94f30000 - 0x00007ffc9502a000 	C:\Windows\System32\ucrtbase.dll
0x00007ffc7f1f0000 - 0x00007ffc7f207000 	D:\PhpStorm 2022.2.3\jbr\bin\jli.dll
0x00007ffc96770000 - 0x00007ffc96904000 	C:\Windows\System32\USER32.dll
0x00007ffc94f00000 - 0x00007ffc94f21000 	C:\Windows\System32\win32u.dll
0x00007ffc96bb0000 - 0x00007ffc96bd6000 	C:\Windows\System32\GDI32.dll
0x00007ffc959b0000 - 0x00007ffc95b44000 	C:\Windows\System32\gdi32full.dll
0x00007ffc8c490000 - 0x00007ffc8c4ab000 	D:\PhpStorm 2022.2.3\jbr\bin\VCRUNTIME140.dll
0x00007ffc95060000 - 0x00007ffc950fe000 	C:\Windows\System32\msvcp_win.dll
0x00007ffc87580000 - 0x00007ffc87805000 	C:\Windows\WinSxS\amd64_microsoft.windows.common-controls_6595b64144ccf1df_6.0.18362.535_none_e6c3b34713100821\COMCTL32.dll
0x00007ffc97400000 - 0x00007ffc9749e000 	C:\Windows\System32\msvcrt.dll
0x00007ffc96d90000 - 0x00007ffc970c6000 	C:\Windows\System32\combase.dll
0x00007ffc96c70000 - 0x00007ffc96d90000 	C:\Windows\System32\RPCRT4.dll
0x00007ffc95880000 - 0x00007ffc95900000 	C:\Windows\System32\bcryptPrimitives.dll
0x00007ffc96be0000 - 0x00007ffc96c0e000 	C:\Windows\System32\IMM32.DLL
0x00007ffc92f30000 - 0x00007ffc92f3c000 	D:\PhpStorm 2022.2.3\jbr\bin\vcruntime140_1.dll
0x00007ffc7bff0000 - 0x00007ffc7c07d000 	D:\PhpStorm 2022.2.3\jbr\bin\msvcp140.dll
0x00007ffc6c690000 - 0x00007ffc6d2f9000 	D:\PhpStorm 2022.2.3\jbr\bin\server\jvm.dll
0x00007ffc97340000 - 0x00007ffc973e3000 	C:\Windows\System32\ADVAPI32.dll
0x00007ffc972a0000 - 0x00007ffc97337000 	C:\Windows\System32\sechost.dll
0x00007ffc97780000 - 0x00007ffc97788000 	C:\Windows\System32\PSAPI.DLL
0x00007ffc8eac0000 - 0x00007ffc8eac9000 	C:\Windows\SYSTEM32\WSOCK32.dll
0x00007ffc97230000 - 0x00007ffc9729f000 	C:\Windows\System32\WS2_32.dll
0x00007ffc92d10000 - 0x00007ffc92d34000 	C:\Windows\SYSTEM32\WINMM.dll
0x00007ffc87570000 - 0x00007ffc8757a000 	C:\Windows\SYSTEM32\VERSION.dll
0x00007ffc92ce0000 - 0x00007ffc92d0d000 	C:\Windows\SYSTEM32\WINMMBASE.dll
0x00007ffc95960000 - 0x00007ffc959aa000 	C:\Windows\System32\cfgmgr32.dll
0x00007ffc94e30000 - 0x00007ffc94e41000 	C:\Windows\System32\kernel.appcore.dll
0x00007ffc857e0000 - 0x00007ffc857ea000 	D:\PhpStorm 2022.2.3\jbr\bin\jimage.dll
0x00007ffc8c1a0000 - 0x00007ffc8c394000 	C:\Windows\SYSTEM32\DBGHELP.DLL
0x00007ffc92ef0000 - 0x00007ffc92f1a000 	C:\Windows\SYSTEM32\dbgcore.DLL
0x00007ffc7c170000 - 0x00007ffc7c195000 	D:\PhpStorm 2022.2.3\jbr\bin\java.dll
0x00007ffc7c150000 - 0x00007ffc7c168000 	D:\PhpStorm 2022.2.3\jbr\bin\zip.dll
0x00007ffc97790000 - 0x00007ffc97e75000 	C:\Windows\System32\SHELL32.dll
0x00007ffc96110000 - 0x00007ffc961b9000 	C:\Windows\System32\shcore.dll
0x00007ffc95100000 - 0x00007ffc9587f000 	C:\Windows\System32\windows.storage.dll
0x00007ffc94da0000 - 0x00007ffc94dbf000 	C:\Windows\System32\profapi.dll
0x00007ffc94de0000 - 0x00007ffc94e2a000 	C:\Windows\System32\powrprof.dll
0x00007ffc94d90000 - 0x00007ffc94da0000 	C:\Windows\System32\UMPDC.dll
0x00007ffc96920000 - 0x00007ffc96972000 	C:\Windows\System32\shlwapi.dll
0x00007ffc95f50000 - 0x00007ffc95f67000 	C:\Windows\System32\cryptsp.dll
0x00007ffc6c670000 - 0x00007ffc6c689000 	D:\PhpStorm 2022.2.3\jbr\bin\net.dll
0x00007ffc8be80000 - 0x00007ffc8bf70000 	C:\Windows\SYSTEM32\WINHTTP.dll
0x00007ffc945a0000 - 0x00007ffc94607000 	C:\Windows\system32\mswsock.dll
0x00007ffc6c650000 - 0x00007ffc6c666000 	D:\PhpStorm 2022.2.3\jbr\bin\nio.dll
0x00007ffc6d540000 - 0x00007ffc6d6d3000 	D:\PhpStorm 2022.2.3\jbr\bin\awt.dll
0x00007ffc975e0000 - 0x00007ffc976a4000 	C:\Windows\System32\OLEAUT32.dll
0x00007ffc93530000 - 0x00007ffc9355d000 	C:\Windows\SYSTEM32\dwmapi.dll
0x00007ffc92f70000 - 0x00007ffc92fff000 	C:\Windows\SYSTEM32\apphelp.dll
0x00007ffc93110000 - 0x00007ffc931a9000 	C:\Windows\system32\uxtheme.dll
0x00007ffc974a0000 - 0x00007ffc975d5000 	C:\Windows\System32\MSCTF.dll
0x00007ffc970d0000 - 0x00007ffc97226000 	C:\Windows\System32\ole32.dll
0x00007ffc942b0000 - 0x00007ffc942ea000 	C:\Windows\SYSTEM32\IPHLPAPI.DLL
0x00007ffc973f0000 - 0x00007ffc973f8000 	C:\Windows\System32\NSI.dll
0x00007ffc8e080000 - 0x00007ffc8e096000 	C:\Windows\SYSTEM32\dhcpcsvc6.DLL
0x00007ffc8dfb0000 - 0x00007ffc8dfcc000 	C:\Windows\SYSTEM32\dhcpcsvc.DLL
0x00007ffc942f0000 - 0x00007ffc943ba000 	C:\Windows\SYSTEM32\DNSAPI.dll
0x00007ffc94110000 - 0x00007ffc94143000 	C:\Windows\system32\rsaenh.dll
0x00007ffc95030000 - 0x00007ffc95056000 	C:\Windows\System32\bcrypt.dll
0x00007ffc94c80000 - 0x00007ffc94ca5000 	C:\Windows\SYSTEM32\USERENV.dll
0x00007ffc94770000 - 0x00007ffc9477c000 	C:\Windows\SYSTEM32\CRYPTBASE.dll
0x00007ffc91670000 - 0x00007ffc91677000 	D:\PhpStorm 2022.2.3\jbr\bin\rmi.dll
0x00007ffc80d60000 - 0x00007ffc80d70000 	D:\PhpStorm 2022.2.3\jbr\bin\verify.dll
0x00007ffc8a720000 - 0x00007ffc8a72a000 	C:\Windows\System32\rasadhlp.dll
0x00007ffc8ce80000 - 0x00007ffc8cef7000 	C:\Windows\System32\fwpuclnt.dll

dbghelp: loaded successfully - version: 4.0.5 - missing functions: none
symbol engine: initialized successfully - sym options: 0x614 - pdb path: .;D:\PhpStorm 2022.2.3\jbr\bin;C:\Windows\SYSTEM32;C:\Windows\WinSxS\amd64_microsoft.windows.common-controls_6595b64144ccf1df_6.0.18362.535_none_e6c3b34713100821;D:\PhpStorm 2022.2.3\jbr\bin\server

VM Arguments:
jvm_args: -Dawt.toolkit=com.intellij.desktop.DesktopActionsToolkit -Djava.rmi.server.hostname=127.0.0.1 -Duser.timezone=UTC -Xmx1024m -Xms128m --add-exports=java.desktop/sun.awt=ALL-UNNAMED --add-exports=java.desktop/java.awt.peer=ALL-UNNAMED --add-opens=java.desktop/java.awt=ALL-UNNAMED --add-opens=jdk.unsupported/sun.misc=ALL-UNNAMED --add-opens=java.base/java.nio=ALL-UNNAMED -Dfile.encoding=UTF-8 
java_command: com.intellij.database.remote.RemoteJdbcServer com.mysql.cj.jdbc.Driver
java_class_path (initial): D:\PhpStorm 2022.2.3\lib\util_rt.jar;D:\PhpStorm 2022.2.3\lib\util.jar;D:\PhpStorm 2022.2.3\lib\groovy.jar;D:\PhpStorm 2022.2.3\plugins\DatabaseTools\lib\jdbc-console.jar;C:\Users\Рустамчон\AppData\Roaming\JetBrains\PhpStorm2022.2\jdbc-drivers\MySQL ConnectorJ\8.0.25\mysql-connector-java-8.0.25.jar
Launcher Type: SUN_STANDARD

[Global flags]
     intx CICompilerCount                          = 3                                         {product} {ergonomic}
     uint ConcGCThreads                            = 1                                         {product} {ergonomic}
     uint G1ConcRefinementThreads                  = 4                                         {product} {ergonomic}
   size_t G1HeapRegionSize                         = 1048576                                   {product} {ergonomic}
    uintx GCDrainStackTargetSize                   = 64                                        {product} {ergonomic}
   size_t InitialHeapSize                          = 134217728                                 {product} {command line}
   size_t MarkStackSize                            = 4194304                                   {product} {ergonomic}
   size_t MaxHeapSize                              = 1073741824                                {product} {command line}
   size_t MaxNewSize                               = 643825664                                 {product} {ergonomic}
   size_t MinHeapDeltaBytes                        = 1048576                                   {product} {ergonomic}
   size_t MinHeapSize                              = 134217728                                 {product} {command line}
    uintx NonNMethodCodeHeapSize                   = 5832780                                {pd product} {ergonomic}
    uintx NonProfiledCodeHeapSize                  = 122912730                              {pd product} {ergonomic}
    uintx ProfiledCodeHeapSize                     = 122912730                              {pd product} {ergonomic}
    uintx ReservedCodeCacheSize                    = 251658240                              {pd product} {ergonomic}
     bool SegmentedCodeCache                       = true                                      {product} {ergonomic}
   size_t SoftMaxHeapSize                          = 1073741824                             {manageable} {ergonomic}
     bool UseCompressedClassPointers               = true                           {product lp64_product} {ergonomic}
     bool UseCompressedOops                        = true                           {product lp64_product} {ergonomic}
     bool UseG1GC                                  = true                                      {product} {ergonomic}
     bool UseLargePagesIndividualAllocation        = false                                  {pd product} {ergonomic}

Logging:
Log output configuration:
 #0: stdout all=warning uptime,level,tags
 #1: stderr all=off uptime,level,tags

Environment Variables:
PATH=C:\Windows\system32;C:\Windows;C:\Windows\System32\Wbem;C:\Windows\System32\WindowsPowerShell\v1.0\;C:\Program Files\7-Zip;C:\Program Files\Git\cmd;D:\putty\;D:\ComposerSetup;C:\ProgramData\chocolatey\bin;C:\Program Files\nodejs\;C:\Program Files\dotnet\;D:\php-8.2.1-nts-Win32-vs16-x64;C:\Users\Рустамчон\AppData\Local\Microsoft\WindowsApps;D:\PhpStorm 2022.2.3\bin;;C:\Users\Рустамчон\AppData\Local\Programs\Microsoft VS Code\bin;C:\Users\Рустамчон\AppData\Roaming\Composer\vendor\bin;D:\IntelliJ IDEA 2022.1.4\bin;;C:\Users\Рустамчон\AppData\Roaming\npm;D:\JetBrains Rider 2023.1.1\bin;;C:\Users\Рустамчон\.dotnet\tools;C:\Users\Рустамчон\AppData\Local\GitHubDesktop\bin
USERNAME=Рустамчон
OS=Windows_NT
PROCESSOR_IDENTIFIER=Intel64 Family 6 Model 42 Stepping 7, GenuineIntel
TMP=C:\Temp
TEMP=C:\Temp



---------------  S Y S T E M  ---------------

OS:
 Windows 10 , 64 bit Build 18362 (10.0.18362.329)
OS uptime: 0 days 1:49 hours

CPU: total 4 (initial active 4) (2 cores per cpu, 2 threads per core) family 6 model 42 stepping 7 microcode 0x2e, cx8, cmov, fxsr, ht, mmx, sse, sse2, sse3, ssse3, sse4.1, sse4.2, popcnt, tsc, tscinvbit, avx, clmul, vzeroupper, clflush

Memory: 4k page, system-wide physical 10018M (1328M free)
TotalPageFile size 10018M (AvailPageFile size 1M)
current process WorkingSet (physical memory assigned to process): 93M, peak: 96M
current process commit charge ("private bytes"): 221M, peak: 237M

vm_info: OpenJDK 64-Bit Server VM (17.0.4.1+7-b469.62) for windows-amd64 JRE (17.0.4.1+7-b469.62), built on 2022-09-22 by "builduser" with MS VC++ 16.10 / 16.11 (VS2019)

END.
