#
# A fatal error has been detected by the Java Runtime Environment:
#
#  EXCEPTION_ACCESS_VIOLATION (0xc0000005) at pc=0x0000000000000000, pid=7640, tid=4172
#
# JRE version: OpenJDK Runtime Environment JBR-17.0.4.1+7-469.62-jcef (17.0.4.1+7) (build 17.0.4.1+7-b469.62)
# Java VM: OpenJDK 64-Bit Server VM JBR-17.0.4.1+7-469.62-jcef (17.0.4.1+7-b469.62, mixed mode, tiered, compressed oops, compressed class ptrs, g1 gc, windows-amd64)
# Problematic frame:
# C  0x0000000000000000
#
# No core dump will be written. Minidumps are not enabled by default on client versions of Windows
#
# If you would like to submit a bug report, please visit:
#   https://youtrack.jetbrains.com/issues/JBR
# The crash happened outside the Java Virtual Machine in native code.
# See problematic frame for where to report the bug.
#

---------------  S U M M A R Y ------------

Command Line: -Dawt.toolkit=com.intellij.desktop.DesktopActionsToolkit -Djava.rmi.server.hostname=127.0.0.1 -Duser.timezone=UTC -Xmx1024m -Xms128m --add-exports=java.desktop/sun.awt=ALL-UNNAMED --add-exports=java.desktop/java.awt.peer=ALL-UNNAMED --add-opens=java.desktop/java.awt=ALL-UNNAMED --add-opens=jdk.unsupported/sun.misc=ALL-UNNAMED --add-opens=java.base/java.nio=ALL-UNNAMED -Dfile.encoding=UTF-8 com.intellij.database.remote.RemoteJdbcServer com.mysql.cj.jdbc.Driver

Host: Intel(R) Core(TM) i5-2410M CPU @ 2.30GHz, 4 cores, 9G,  Windows 10 , 64 bit Build 18362 (10.0.18362.329)
Time: Sat Jun  3 10:26:34 2023 Западная Азия (зима) elapsed time: 0.510319 seconds (0d 0h 0m 0s)

---------------  T H R E A D  ---------------

Current thread (0x000001de5c447540):  JavaThread "AWT-Windows" daemon [_thread_in_native, id=4172, stack(0x000000340af00000,0x000000340b000000)]

Stack: [0x000000340af00000,0x000000340b000000],  sp=0x000000340afff5a8,  free space=1021k
Native frames: (J=compiled Java code, j=interpreted, Vv=VM code, C=native code)

Java frames: (J=compiled Java code, j=interpreted, Vv=VM code)
j  sun.awt.windows.WToolkit.init()Z+0 java.desktop
j  sun.awt.windows.WToolkit.run()V+10 java.desktop
j  java.lang.Thread.run()V+11 java.base@17.0.4.1
v  ~StubRoutines::call_stub

siginfo: EXCEPTION_ACCESS_VIOLATION (0xc0000005), data execution prevention violation at address 0x0000000000000000


Register to memory mapping:

RIP=0x0 is NULL
RAX=0x0 is NULL
RBX=0x0000000000000020 is an unknown value
RCX=0x0 is NULL
RDX=0x0 is NULL
RSP=0x000000340afff5a8 is pointing into the stack for thread: 0x000001de5c447540
RBP=0x000000340afff718 is pointing into the stack for thread: 0x000001de5c447540
RSI=0x0000000000000001 is an unknown value
RDI=0x0000000005010ad1 is an unknown value
R8 =0x000000340afff288 is pointing into the stack for thread: 0x000001de5c447540
R9 =0x00007ffeb34d7930 awt.dll
R10=0x0000000000000002 is an unknown value
R11=0x000000340afff510 is pointing into the stack for thread: 0x000001de5c447540
R12=0x0 is NULL
R13={method} {0x000001de5be711f0} 'init' '()Z' in 'sun/awt/windows/WToolkit'
R14=0x0 is NULL
R15=0x000001de5c447540 is a thread


Registers:
RAX=0x0000000000000000, RBX=0x0000000000000020, RCX=0x0000000000000000, RDX=0x0000000000000000
RSP=0x000000340afff5a8, RBP=0x000000340afff718, RSI=0x0000000000000001, RDI=0x0000000005010ad1
R8 =0x000000340afff288, R9 =0x00007ffeb34d7930, R10=0x0000000000000002, R11=0x000000340afff510
R12=0x0000000000000000, R13=0x000001de5be711e8, R14=0x0000000000000000, R15=0x000001de5c447540
RIP=0x0000000000000000, EFLAGS=0x0000000000010202

Top of Stack: (sp=0x000000340afff5a8)
0x000000340afff5a8:   00007ffeb34d843c 0000000000000000
0x000000340afff5b8:   0000000000000000 000000340afff288
0x000000340afff5c8:   00007ffeb34d7930 000001deffffffff
0x000000340afff5d8:   00007ffeffffffff 000001de00000000
0x000000340afff5e8:   0000003400000000 0000000000000000
0x000000340afff5f8:   0000000000000000 00007ffeb3400000
0x000000340afff608:   0000000000000000 000001de00000000
0x000000340afff618:   00007ffeb34d9620 0000000000000000
0x000000340afff628:   00007ffeb3400000 00000000003a0559
0x000000340afff638:   0000000000000000 0000000000000006
0x000000340afff648:   0000000000000000 00007ffeb3515690
0x000000340afff658:   000001de5c447540 000000340afff738
0x000000340afff668:   00007ffeb34daf7f 000001de5c4477e8
0x000000340afff678:   000000000000029e 000000000000029e
0x000000340afff688:   000000340afff738 000001de471794ec
0x000000340afff698:   000001de4717d581 000001de5be711e8 

Instructions: (pc=0x0000000000000000)
0xffffffffffffff00:   


Stack slot to memory mapping:
stack at sp + 0 slots: 0x00007ffeb34d843c awt.dll
stack at sp + 1 slots: 0x0 is NULL
stack at sp + 2 slots: 0x0 is NULL
stack at sp + 3 slots: 0x000000340afff288 is pointing into the stack for thread: 0x000001de5c447540
stack at sp + 4 slots: 0x00007ffeb34d7930 awt.dll
stack at sp + 5 slots: 0x000001deffffffff is an unknown value
stack at sp + 6 slots: 0x00007ffeffffffff is an unknown value
stack at sp + 7 slots: 0x000001de00000000 is an unknown value


---------------  P R O C E S S  ---------------

Threads class SMR info:
_java_thread_list=0x000001de5c479460, length=16, elements={
0x000001de42253d00, 0x000001de5b3bce00, 0x000001de5b3bde00, 0x000001de5b40d6d0,
0x000001de5c00a490, 0x000001de5c00b160, 0x000001de5c00ba20, 0x000001de5c00e040,
0x000001de5c01bf10, 0x000001de5c01e820, 0x000001de5c17f850, 0x000001de5c181d30,
0x000001de5c266fe0, 0x000001de5c447070, 0x000001de5c447a10, 0x000001de5c447540
}

Java Threads: ( => current thread )
  0x000001de42253d00 JavaThread "main" [_thread_blocked, id=7668, stack(0x0000003409900000,0x0000003409a00000)]
  0x000001de5b3bce00 JavaThread "Reference Handler" daemon [_thread_blocked, id=7596, stack(0x000000340a000000,0x000000340a100000)]
  0x000001de5b3bde00 JavaThread "Finalizer" daemon [_thread_blocked, id=7824, stack(0x000000340a100000,0x000000340a200000)]
  0x000001de5b40d6d0 JavaThread "Signal Dispatcher" daemon [_thread_blocked, id=7736, stack(0x000000340a200000,0x000000340a300000)]
  0x000001de5c00a490 JavaThread "Attach Listener" daemon [_thread_blocked, id=6828, stack(0x000000340a300000,0x000000340a400000)]
  0x000001de5c00b160 JavaThread "Service Thread" daemon [_thread_blocked, id=7320, stack(0x000000340a400000,0x000000340a500000)]
  0x000001de5c00ba20 JavaThread "Monitor Deflation Thread" daemon [_thread_blocked, id=1332, stack(0x000000340a500000,0x000000340a600000)]
  0x000001de5c00e040 JavaThread "C2 CompilerThread0" daemon [_thread_blocked, id=8088, stack(0x000000340a600000,0x000000340a700000)]
  0x000001de5c01bf10 JavaThread "C1 CompilerThread0" daemon [_thread_blocked, id=1068, stack(0x000000340a700000,0x000000340a800000)]
  0x000001de5c01e820 JavaThread "Sweeper thread" daemon [_thread_blocked, id=7796, stack(0x000000340a800000,0x000000340a900000)]
  0x000001de5c17f850 JavaThread "Common-Cleaner" daemon [_thread_blocked, id=2400, stack(0x000000340a900000,0x000000340aa00000)]
  0x000001de5c181d30 JavaThread "Notification Thread" daemon [_thread_blocked, id=8092, stack(0x000000340aa00000,0x000000340ab00000)]
  0x000001de5c266fe0 JavaThread "mysql-cj-abandoned-connection-cleanup" daemon [_thread_blocked, id=828, stack(0x000000340ac00000,0x000000340ad00000)]
  0x000001de5c447070 JavaThread "Java2D Disposer" daemon [_thread_blocked, id=3992, stack(0x000000340ad00000,0x000000340ae00000)]
  0x000001de5c447a10 JavaThread "AWT-Shutdown" [_thread_blocked, id=4936, stack(0x000000340ae00000,0x000000340af00000)]
=>0x000001de5c447540 JavaThread "AWT-Windows" daemon [_thread_in_native, id=4172, stack(0x000000340af00000,0x000000340b000000)]

Other Threads:
  0x000001de5b3b8a50 VMThread "VM Thread" [stack: 0x0000003409f00000,0x000000340a000000] [id=7160]
  0x000001de5c17d520 WatcherThread [stack: 0x000000340ab00000,0x000000340ac00000] [id=4028]
  0x000001de4228fdf0 GCTaskThread "GC Thread#0" [stack: 0x0000003409a00000,0x0000003409b00000] [id=2176]
  0x000001de42298c40 ConcurrentGCThread "G1 Main Marker" [stack: 0x0000003409b00000,0x0000003409c00000] [id=4640]
  0x000001de4229ad10 ConcurrentGCThread "G1 Conc#0" [stack: 0x0000003409c00000,0x0000003409d00000] [id=7332]
  0x000001de42301f60 ConcurrentGCThread "G1 Refine#0" [stack: 0x0000003409d00000,0x0000003409e00000] [id=5532]
  0x000001de42302890 ConcurrentGCThread "G1 Service" [stack: 0x0000003409e00000,0x0000003409f00000] [id=7820]

Threads with active compile tasks:

VM state: not at safepoint (normal execution)

VM Mutex/Monitor currently owned by a thread: None

Heap address: 0x00000000c0000000, size: 1024 MB, Compressed Oops mode: 32-bit

CDS archive(s) not mapped
Compressed class space mapped at: 0x0000000100000000-0x0000000140000000, reserved size: 1073741824
Narrow klass base: 0x0000000000000000, Narrow klass shift: 3, Narrow klass range: 0x140000000

GC Precious Log:
 CPUs: 4 total, 4 available
 Memory: 10018M
 Large Page Support: Disabled
 NUMA Support: Disabled
 Compressed Oops: Enabled (32-bit)
 Heap Region Size: 1M
 Heap Min Capacity: 128M
 Heap Initial Capacity: 128M
 Heap Max Capacity: 1G
 Pre-touch: Disabled
 Parallel Workers: 4
 Concurrent Workers: 1
 Concurrent Refinement Workers: 4
 Periodic GC: Disabled

Heap:
 garbage-first heap   total 131072K, used 3072K [0x00000000c0000000, 0x0000000100000000)
  region size 1024K, 5 young (5120K), 0 survivors (0K)
 Metaspace       used 9090K, committed 9280K, reserved 1064960K
  class space    used 820K, committed 896K, reserved 1048576K

Heap Regions: E=young(eden), S=young(survivor), O=old, HS=humongous(starts), HC=humongous(continues), CS=collection set, F=free, OA=open archive, CA=closed archive, TAMS=top-at-mark-start (previous, next)
|   0|0x00000000c0000000, 0x00000000c0000000, 0x00000000c0100000|  0%| F|  |TAMS 0x00000000c0000000, 0x00000000c0000000| Untracked 
|   1|0x00000000c0100000, 0x00000000c0100000, 0x00000000c0200000|  0%| F|  |TAMS 0x00000000c0100000, 0x00000000c0100000| Untracked 
|   2|0x00000000c0200000, 0x00000000c0200000, 0x00000000c0300000|  0%| F|  |TAMS 0x00000000c0200000, 0x00000000c0200000| Untracked 
|   3|0x00000000c0300000, 0x00000000c0300000, 0x00000000c0400000|  0%| F|  |TAMS 0x00000000c0300000, 0x00000000c0300000| Untracked 
|   4|0x00000000c0400000, 0x00000000c0400000, 0x00000000c0500000|  0%| F|  |TAMS 0x00000000c0400000, 0x00000000c0400000| Untracked 
|   5|0x00000000c0500000, 0x00000000c0500000, 0x00000000c0600000|  0%| F|  |TAMS 0x00000000c0500000, 0x00000000c0500000| Untracked 
|   6|0x00000000c0600000, 0x00000000c0600000, 0x00000000c0700000|  0%| F|  |TAMS 0x00000000c0600000, 0x00000000c0600000| Untracked 
|   7|0x00000000c0700000, 0x00000000c0700000, 0x00000000c0800000|  0%| F|  |TAMS 0x00000000c0700000, 0x00000000c0700000| Untracked 
|   8|0x00000000c0800000, 0x00000000c0800000, 0x00000000c0900000|  0%| F|  |TAMS 0x00000000c0800000, 0x00000000c0800000| Untracked 
|   9|0x00000000c0900000, 0x00000000c0900000, 0x00000000c0a00000|  0%| F|  |TAMS 0x00000000c0900000, 0x00000000c0900000| Untracked 
|  10|0x00000000c0a00000, 0x00000000c0a00000, 0x00000000c0b00000|  0%| F|  |TAMS 0x00000000c0a00000, 0x00000000c0a00000| Untracked 
|  11|0x00000000c0b00000, 0x00000000c0b00000, 0x00000000c0c00000|  0%| F|  |TAMS 0x00000000c0b00000, 0x00000000c0b00000| Untracked 
|  12|0x00000000c0c00000, 0x00000000c0c00000, 0x00000000c0d00000|  0%| F|  |TAMS 0x00000000c0c00000, 0x00000000c0c00000| Untracked 
|  13|0x00000000c0d00000, 0x00000000c0d00000, 0x00000000c0e00000|  0%| F|  |TAMS 0x00000000c0d00000, 0x00000000c0d00000| Untracked 
|  14|0x00000000c0e00000, 0x00000000c0e00000, 0x00000000c0f00000|  0%| F|  |TAMS 0x00000000c0e00000, 0x00000000c0e00000| Untracked 
|  15|0x00000000c0f00000, 0x00000000c0f00000, 0x00000000c1000000|  0%| F|  |TAMS 0x00000000c0f00000, 0x00000000c0f00000| Untracked 
|  16|0x00000000c1000000, 0x00000000c1000000, 0x00000000c1100000|  0%| F|  |TAMS 0x00000000c1000000, 0x00000000c1000000| Untracked 
|  17|0x00000000c1100000, 0x00000000c1100000, 0x00000000c1200000|  0%| F|  |TAMS 0x00000000c1100000, 0x00000000c1100000| Untracked 
|  18|0x00000000c1200000, 0x00000000c1200000, 0x00000000c1300000|  0%| F|  |TAMS 0x00000000c1200000, 0x00000000c1200000| Untracked 
|  19|0x00000000c1300000, 0x00000000c1300000, 0x00000000c1400000|  0%| F|  |TAMS 0x00000000c1300000, 0x00000000c1300000| Untracked 
|  20|0x00000000c1400000, 0x00000000c1400000, 0x00000000c1500000|  0%| F|  |TAMS 0x00000000c1400000, 0x00000000c1400000| Untracked 
|  21|0x00000000c1500000, 0x00000000c1500000, 0x00000000c1600000|  0%| F|  |TAMS 0x00000000c1500000, 0x00000000c1500000| Untracked 
|  22|0x00000000c1600000, 0x00000000c1600000, 0x00000000c1700000|  0%| F|  |TAMS 0x00000000c1600000, 0x00000000c1600000| Untracked 
|  23|0x00000000c1700000, 0x00000000c1700000, 0x00000000c1800000|  0%| F|  |TAMS 0x00000000c1700000, 0x00000000c1700000| Untracked 
|  24|0x00000000c1800000, 0x00000000c1800000, 0x00000000c1900000|  0%| F|  |TAMS 0x00000000c1800000, 0x00000000c1800000| Untracked 
|  25|0x00000000c1900000, 0x00000000c1900000, 0x00000000c1a00000|  0%| F|  |TAMS 0x00000000c1900000, 0x00000000c1900000| Untracked 
|  26|0x00000000c1a00000, 0x00000000c1a00000, 0x00000000c1b00000|  0%| F|  |TAMS 0x00000000c1a00000, 0x00000000c1a00000| Untracked 
|  27|0x00000000c1b00000, 0x00000000c1b00000, 0x00000000c1c00000|  0%| F|  |TAMS 0x00000000c1b00000, 0x00000000c1b00000| Untracked 
|  28|0x00000000c1c00000, 0x00000000c1c00000, 0x00000000c1d00000|  0%| F|  |TAMS 0x00000000c1c00000, 0x00000000c1c00000| Untracked 
|  29|0x00000000c1d00000, 0x00000000c1d00000, 0x00000000c1e00000|  0%| F|  |TAMS 0x00000000c1d00000, 0x00000000c1d00000| Untracked 
|  30|0x00000000c1e00000, 0x00000000c1e00000, 0x00000000c1f00000|  0%| F|  |TAMS 0x00000000c1e00000, 0x00000000c1e00000| Untracked 
|  31|0x00000000c1f00000, 0x00000000c1f00000, 0x00000000c2000000|  0%| F|  |TAMS 0x00000000c1f00000, 0x00000000c1f00000| Untracked 
|  32|0x00000000c2000000, 0x00000000c2000000, 0x00000000c2100000|  0%| F|  |TAMS 0x00000000c2000000, 0x00000000c2000000| Untracked 
|  33|0x00000000c2100000, 0x00000000c2100000, 0x00000000c2200000|  0%| F|  |TAMS 0x00000000c2100000, 0x00000000c2100000| Untracked 
|  34|0x00000000c2200000, 0x00000000c2200000, 0x00000000c2300000|  0%| F|  |TAMS 0x00000000c2200000, 0x00000000c2200000| Untracked 
|  35|0x00000000c2300000, 0x00000000c2300000, 0x00000000c2400000|  0%| F|  |TAMS 0x00000000c2300000, 0x00000000c2300000| Untracked 
|  36|0x00000000c2400000, 0x00000000c2400000, 0x00000000c2500000|  0%| F|  |TAMS 0x00000000c2400000, 0x00000000c2400000| Untracked 
|  37|0x00000000c2500000, 0x00000000c2500000, 0x00000000c2600000|  0%| F|  |TAMS 0x00000000c2500000, 0x00000000c2500000| Untracked 
|  38|0x00000000c2600000, 0x00000000c2600000, 0x00000000c2700000|  0%| F|  |TAMS 0x00000000c2600000, 0x00000000c2600000| Untracked 
|  39|0x00000000c2700000, 0x00000000c2700000, 0x00000000c2800000|  0%| F|  |TAMS 0x00000000c2700000, 0x00000000c2700000| Untracked 
|  40|0x00000000c2800000, 0x00000000c2800000, 0x00000000c2900000|  0%| F|  |TAMS 0x00000000c2800000, 0x00000000c2800000| Untracked 
|  41|0x00000000c2900000, 0x00000000c2900000, 0x00000000c2a00000|  0%| F|  |TAMS 0x00000000c2900000, 0x00000000c2900000| Untracked 
|  42|0x00000000c2a00000, 0x00000000c2a00000, 0x00000000c2b00000|  0%| F|  |TAMS 0x00000000c2a00000, 0x00000000c2a00000| Untracked 
|  43|0x00000000c2b00000, 0x00000000c2b00000, 0x00000000c2c00000|  0%| F|  |TAMS 0x00000000c2b00000, 0x00000000c2b00000| Untracked 
|  44|0x00000000c2c00000, 0x00000000c2c00000, 0x00000000c2d00000|  0%| F|  |TAMS 0x00000000c2c00000, 0x00000000c2c00000| Untracked 
|  45|0x00000000c2d00000, 0x00000000c2d00000, 0x00000000c2e00000|  0%| F|  |TAMS 0x00000000c2d00000, 0x00000000c2d00000| Untracked 
|  46|0x00000000c2e00000, 0x00000000c2e00000, 0x00000000c2f00000|  0%| F|  |TAMS 0x00000000c2e00000, 0x00000000c2e00000| Untracked 
|  47|0x00000000c2f00000, 0x00000000c2f00000, 0x00000000c3000000|  0%| F|  |TAMS 0x00000000c2f00000, 0x00000000c2f00000| Untracked 
|  48|0x00000000c3000000, 0x00000000c3000000, 0x00000000c3100000|  0%| F|  |TAMS 0x00000000c3000000, 0x00000000c3000000| Untracked 
|  49|0x00000000c3100000, 0x00000000c3100000, 0x00000000c3200000|  0%| F|  |TAMS 0x00000000c3100000, 0x00000000c3100000| Untracked 
|  50|0x00000000c3200000, 0x00000000c3200000, 0x00000000c3300000|  0%| F|  |TAMS 0x00000000c3200000, 0x00000000c3200000| Untracked 
|  51|0x00000000c3300000, 0x00000000c3300000, 0x00000000c3400000|  0%| F|  |TAMS 0x00000000c3300000, 0x00000000c3300000| Untracked 
|  52|0x00000000c3400000, 0x00000000c3400000, 0x00000000c3500000|  0%| F|  |TAMS 0x00000000c3400000, 0x00000000c3400000| Untracked 
|  53|0x00000000c3500000, 0x00000000c3500000, 0x00000000c3600000|  0%| F|  |TAMS 0x00000000c3500000, 0x00000000c3500000| Untracked 
|  54|0x00000000c3600000, 0x00000000c3600000, 0x00000000c3700000|  0%| F|  |TAMS 0x00000000c3600000, 0x00000000c3600000| Untracked 
|  55|0x00000000c3700000, 0x00000000c3700000, 0x00000000c3800000|  0%| F|  |TAMS 0x00000000c3700000, 0x00000000c3700000| Untracked 
|  56|0x00000000c3800000, 0x00000000c3800000, 0x00000000c3900000|  0%| F|  |TAMS 0x00000000c3800000, 0x00000000c3800000| Untracked 
|  57|0x00000000c3900000, 0x00000000c3900000, 0x00000000c3a00000|  0%| F|  |TAMS 0x00000000c3900000, 0x00000000c3900000| Untracked 
|  58|0x00000000c3a00000, 0x00000000c3a00000, 0x00000000c3b00000|  0%| F|  |TAMS 0x00000000c3a00000, 0x00000000c3a00000| Untracked 
|  59|0x00000000c3b00000, 0x00000000c3b00000, 0x00000000c3c00000|  0%| F|  |TAMS 0x00000000c3b00000, 0x00000000c3b00000| Untracked 
|  60|0x00000000c3c00000, 0x00000000c3c00000, 0x00000000c3d00000|  0%| F|  |TAMS 0x00000000c3c00000, 0x00000000c3c00000| Untracked 
|  61|0x00000000c3d00000, 0x00000000c3d00000, 0x00000000c3e00000|  0%| F|  |TAMS 0x00000000c3d00000, 0x00000000c3d00000| Untracked 
|  62|0x00000000c3e00000, 0x00000000c3e00000, 0x00000000c3f00000|  0%| F|  |TAMS 0x00000000c3e00000, 0x00000000c3e00000| Untracked 
|  63|0x00000000c3f00000, 0x00000000c3f00000, 0x00000000c4000000|  0%| F|  |TAMS 0x00000000c3f00000, 0x00000000c3f00000| Untracked 
|  64|0x00000000c4000000, 0x00000000c4000000, 0x00000000c4100000|  0%| F|  |TAMS 0x00000000c4000000, 0x00000000c4000000| Untracked 
|  65|0x00000000c4100000, 0x00000000c4100000, 0x00000000c4200000|  0%| F|  |TAMS 0x00000000c4100000, 0x00000000c4100000| Untracked 
|  66|0x00000000c4200000, 0x00000000c4200000, 0x00000000c4300000|  0%| F|  |TAMS 0x00000000c4200000, 0x00000000c4200000| Untracked 
|  67|0x00000000c4300000, 0x00000000c4300000, 0x00000000c4400000|  0%| F|  |TAMS 0x00000000c4300000, 0x00000000c4300000| Untracked 
|  68|0x00000000c4400000, 0x00000000c4400000, 0x00000000c4500000|  0%| F|  |TAMS 0x00000000c4400000, 0x00000000c4400000| Untracked 
|  69|0x00000000c4500000, 0x00000000c4500000, 0x00000000c4600000|  0%| F|  |TAMS 0x00000000c4500000, 0x00000000c4500000| Untracked 
|  70|0x00000000c4600000, 0x00000000c4600000, 0x00000000c4700000|  0%| F|  |TAMS 0x00000000c4600000, 0x00000000c4600000| Untracked 
|  71|0x00000000c4700000, 0x00000000c4700000, 0x00000000c4800000|  0%| F|  |TAMS 0x00000000c4700000, 0x00000000c4700000| Untracked 
|  72|0x00000000c4800000, 0x00000000c4800000, 0x00000000c4900000|  0%| F|  |TAMS 0x00000000c4800000, 0x00000000c4800000| Untracked 
|  73|0x00000000c4900000, 0x00000000c4900000, 0x00000000c4a00000|  0%| F|  |TAMS 0x00000000c4900000, 0x00000000c4900000| Untracked 
|  74|0x00000000c4a00000, 0x00000000c4a00000, 0x00000000c4b00000|  0%| F|  |TAMS 0x00000000c4a00000, 0x00000000c4a00000| Untracked 
|  75|0x00000000c4b00000, 0x00000000c4b00000, 0x00000000c4c00000|  0%| F|  |TAMS 0x00000000c4b00000, 0x00000000c4b00000| Untracked 
|  76|0x00000000c4c00000, 0x00000000c4c00000, 0x00000000c4d00000|  0%| F|  |TAMS 0x00000000c4c00000, 0x00000000c4c00000| Untracked 
|  77|0x00000000c4d00000, 0x00000000c4d00000, 0x00000000c4e00000|  0%| F|  |TAMS 0x00000000c4d00000, 0x00000000c4d00000| Untracked 
|  78|0x00000000c4e00000, 0x00000000c4e00000, 0x00000000c4f00000|  0%| F|  |TAMS 0x00000000c4e00000, 0x00000000c4e00000| Untracked 
|  79|0x00000000c4f00000, 0x00000000c4f00000, 0x00000000c5000000|  0%| F|  |TAMS 0x00000000c4f00000, 0x00000000c4f00000| Untracked 
|  80|0x00000000c5000000, 0x00000000c5000000, 0x00000000c5100000|  0%| F|  |TAMS 0x00000000c5000000, 0x00000000c5000000| Untracked 
|  81|0x00000000c5100000, 0x00000000c5100000, 0x00000000c5200000|  0%| F|  |TAMS 0x00000000c5100000, 0x00000000c5100000| Untracked 
|  82|0x00000000c5200000, 0x00000000c5200000, 0x00000000c5300000|  0%| F|  |TAMS 0x00000000c5200000, 0x00000000c5200000| Untracked 
|  83|0x00000000c5300000, 0x00000000c5300000, 0x00000000c5400000|  0%| F|  |TAMS 0x00000000c5300000, 0x00000000c5300000| Untracked 
|  84|0x00000000c5400000, 0x00000000c5400000, 0x00000000c5500000|  0%| F|  |TAMS 0x00000000c5400000, 0x00000000c5400000| Untracked 
|  85|0x00000000c5500000, 0x00000000c5500000, 0x00000000c5600000|  0%| F|  |TAMS 0x00000000c5500000, 0x00000000c5500000| Untracked 
|  86|0x00000000c5600000, 0x00000000c5600000, 0x00000000c5700000|  0%| F|  |TAMS 0x00000000c5600000, 0x00000000c5600000| Untracked 
|  87|0x00000000c5700000, 0x00000000c5700000, 0x00000000c5800000|  0%| F|  |TAMS 0x00000000c5700000, 0x00000000c5700000| Untracked 
|  88|0x00000000c5800000, 0x00000000c5800000, 0x00000000c5900000|  0%| F|  |TAMS 0x00000000c5800000, 0x00000000c5800000| Untracked 
|  89|0x00000000c5900000, 0x00000000c5900000, 0x00000000c5a00000|  0%| F|  |TAMS 0x00000000c5900000, 0x00000000c5900000| Untracked 
|  90|0x00000000c5a00000, 0x00000000c5a00000, 0x00000000c5b00000|  0%| F|  |TAMS 0x00000000c5a00000, 0x00000000c5a00000| Untracked 
|  91|0x00000000c5b00000, 0x00000000c5b00000, 0x00000000c5c00000|  0%| F|  |TAMS 0x00000000c5b00000, 0x00000000c5b00000| Untracked 
|  92|0x00000000c5c00000, 0x00000000c5c00000, 0x00000000c5d00000|  0%| F|  |TAMS 0x00000000c5c00000, 0x00000000c5c00000| Untracked 
|  93|0x00000000c5d00000, 0x00000000c5d00000, 0x00000000c5e00000|  0%| F|  |TAMS 0x00000000c5d00000, 0x00000000c5d00000| Untracked 
|  94|0x00000000c5e00000, 0x00000000c5e00000, 0x00000000c5f00000|  0%| F|  |TAMS 0x00000000c5e00000, 0x00000000c5e00000| Untracked 
|  95|0x00000000c5f00000, 0x00000000c5f00000, 0x00000000c6000000|  0%| F|  |TAMS 0x00000000c5f00000, 0x00000000c5f00000| Untracked 
|  96|0x00000000c6000000, 0x00000000c6000000, 0x00000000c6100000|  0%| F|  |TAMS 0x00000000c6000000, 0x00000000c6000000| Untracked 
|  97|0x00000000c6100000, 0x00000000c6100000, 0x00000000c6200000|  0%| F|  |TAMS 0x00000000c6100000, 0x00000000c6100000| Untracked 
|  98|0x00000000c6200000, 0x00000000c6200000, 0x00000000c6300000|  0%| F|  |TAMS 0x00000000c6200000, 0x00000000c6200000| Untracked 
|  99|0x00000000c6300000, 0x00000000c6300000, 0x00000000c6400000|  0%| F|  |TAMS 0x00000000c6300000, 0x00000000c6300000| Untracked 
| 100|0x00000000c6400000, 0x00000000c6400000, 0x00000000c6500000|  0%| F|  |TAMS 0x00000000c6400000, 0x00000000c6400000| Untracked 
| 101|0x00000000c6500000, 0x00000000c6500000, 0x00000000c6600000|  0%| F|  |TAMS 0x00000000c6500000, 0x00000000c6500000| Untracked 
| 102|0x00000000c6600000, 0x00000000c6600000, 0x00000000c6700000|  0%| F|  |TAMS 0x00000000c6600000, 0x00000000c6600000| Untracked 
| 103|0x00000000c6700000, 0x00000000c6700000, 0x00000000c6800000|  0%| F|  |TAMS 0x00000000c6700000, 0x00000000c6700000| Untracked 
| 104|0x00000000c6800000, 0x00000000c6800000, 0x00000000c6900000|  0%| F|  |TAMS 0x00000000c6800000, 0x00000000c6800000| Untracked 
| 105|0x00000000c6900000, 0x00000000c6900000, 0x00000000c6a00000|  0%| F|  |TAMS 0x00000000c6900000, 0x00000000c6900000| Untracked 
| 106|0x00000000c6a00000, 0x00000000c6a00000, 0x00000000c6b00000|  0%| F|  |TAMS 0x00000000c6a00000, 0x00000000c6a00000| Untracked 
| 107|0x00000000c6b00000, 0x00000000c6b00000, 0x00000000c6c00000|  0%| F|  |TAMS 0x00000000c6b00000, 0x00000000c6b00000| Untracked 
| 108|0x00000000c6c00000, 0x00000000c6c00000, 0x00000000c6d00000|  0%| F|  |TAMS 0x00000000c6c00000, 0x00000000c6c00000| Untracked 
| 109|0x00000000c6d00000, 0x00000000c6d00000, 0x00000000c6e00000|  0%| F|  |TAMS 0x00000000c6d00000, 0x00000000c6d00000| Untracked 
| 110|0x00000000c6e00000, 0x00000000c6e00000, 0x00000000c6f00000|  0%| F|  |TAMS 0x00000000c6e00000, 0x00000000c6e00000| Untracked 
| 111|0x00000000c6f00000, 0x00000000c6f00000, 0x00000000c7000000|  0%| F|  |TAMS 0x00000000c6f00000, 0x00000000c6f00000| Untracked 
| 112|0x00000000c7000000, 0x00000000c7000000, 0x00000000c7100000|  0%| F|  |TAMS 0x00000000c7000000, 0x00000000c7000000| Untracked 
| 113|0x00000000c7100000, 0x00000000c7100000, 0x00000000c7200000|  0%| F|  |TAMS 0x00000000c7100000, 0x00000000c7100000| Untracked 
| 114|0x00000000c7200000, 0x00000000c7200000, 0x00000000c7300000|  0%| F|  |TAMS 0x00000000c7200000, 0x00000000c7200000| Untracked 
| 115|0x00000000c7300000, 0x00000000c7300000, 0x00000000c7400000|  0%| F|  |TAMS 0x00000000c7300000, 0x00000000c7300000| Untracked 
| 116|0x00000000c7400000, 0x00000000c7400000, 0x00000000c7500000|  0%| F|  |TAMS 0x00000000c7400000, 0x00000000c7400000| Untracked 
| 117|0x00000000c7500000, 0x00000000c7500000, 0x00000000c7600000|  0%| F|  |TAMS 0x00000000c7500000, 0x00000000c7500000| Untracked 
| 118|0x00000000c7600000, 0x00000000c7600000, 0x00000000c7700000|  0%| F|  |TAMS 0x00000000c7600000, 0x00000000c7600000| Untracked 
| 119|0x00000000c7700000, 0x00000000c7700000, 0x00000000c7800000|  0%| F|  |TAMS 0x00000000c7700000, 0x00000000c7700000| Untracked 
| 120|0x00000000c7800000, 0x00000000c7800000, 0x00000000c7900000|  0%| F|  |TAMS 0x00000000c7800000, 0x00000000c7800000| Untracked 
| 121|0x00000000c7900000, 0x00000000c7900000, 0x00000000c7a00000|  0%| F|  |TAMS 0x00000000c7900000, 0x00000000c7900000| Untracked 
| 122|0x00000000c7a00000, 0x00000000c7a00000, 0x00000000c7b00000|  0%| F|  |TAMS 0x00000000c7a00000, 0x00000000c7a00000| Untracked 
| 123|0x00000000c7b00000, 0x00000000c7b43500, 0x00000000c7c00000| 26%| E|  |TAMS 0x00000000c7b00000, 0x00000000c7b00000| Complete 
| 124|0x00000000c7c00000, 0x00000000c7d00000, 0x00000000c7d00000|100%| E|CS|TAMS 0x00000000c7c00000, 0x00000000c7c00000| Complete 
| 125|0x00000000c7d00000, 0x00000000c7e00000, 0x00000000c7e00000|100%| E|CS|TAMS 0x00000000c7d00000, 0x00000000c7d00000| Complete 
| 126|0x00000000c7e00000, 0x00000000c7f00000, 0x00000000c7f00000|100%| E|  |TAMS 0x00000000c7e00000, 0x00000000c7e00000| Complete 
| 127|0x00000000c7f00000, 0x00000000c8000000, 0x00000000c8000000|100%| E|CS|TAMS 0x00000000c7f00000, 0x00000000c7f00000| Complete 

Card table byte_map: [0x000001de569a0000,0x000001de56ba0000] _byte_map_base: 0x000001de563a0000

Marking Bits (Prev, Next): (CMBitMap*) 0x000001de42290310, (CMBitMap*) 0x000001de42290350
 Prev Bits: [0x000001de56da0000, 0x000001de57da0000)
 Next Bits: [0x000001de57da0000, 0x000001de58da0000)

Polling page: 0x000001de42310000

Metaspace:

Usage:
  Non-class:      8.08 MB used.
      Class:    820.62 KB used.
       Both:      8.88 MB used.

Virtual space:
  Non-class space:       16.00 MB reserved,       8.19 MB ( 51%) committed,  2 nodes.
      Class space:        1.00 GB reserved,     896.00 KB ( <1%) committed,  1 nodes.
             Both:        1.02 GB reserved,       9.06 MB ( <1%) committed. 

Chunk freelists:
   Non-Class:  2.99 MB
       Class:  3.08 MB
        Both:  6.07 MB

MaxMetaspaceSize: unlimited
CompressedClassSpaceSize: 1.00 GB
Initial GC threshold: 21.00 MB
Current GC threshold: 21.00 MB
CDS: off
MetaspaceReclaimPolicy: balanced
 - commit_granule_bytes: 65536.
 - commit_granule_words: 8192.
 - virtual_space_node_default_size: 1048576.
 - enlarge_chunks_in_place: 1.
 - new_chunks_are_fully_committed: 0.
 - uncommit_free_chunks: 1.
 - use_allocation_guard: 0.
 - handle_deallocations: 1.


Internal statistics:

num_allocs_failed_limit: 0.
num_arena_births: 62.
num_arena_deaths: 0.
num_vsnodes_births: 3.
num_vsnodes_deaths: 0.
num_space_committed: 145.
num_space_uncommitted: 0.
num_chunks_returned_to_freelist: 0.
num_chunks_taken_from_freelist: 106.
num_chunk_merges: 0.
num_chunk_splits: 59.
num_chunks_enlarged: 29.
num_purges: 0.
num_inconsistent_stats: 0.

CodeHeap 'non-profiled nmethods': size=120000Kb used=115Kb max_used=115Kb free=119884Kb
 bounds [0x000001de4ec40000, 0x000001de4eeb0000, 0x000001de56170000]
CodeHeap 'profiled nmethods': size=120000Kb used=472Kb max_used=472Kb free=119528Kb
 bounds [0x000001de47710000, 0x000001de47980000, 0x000001de4ec40000]
CodeHeap 'non-nmethods': size=5760Kb used=1165Kb max_used=1180Kb free=4594Kb
 bounds [0x000001de47170000, 0x000001de473e0000, 0x000001de47710000]
 total_blobs=820 nmethods=358 adapters=375
 compilation: enabled
              stopped_count=0, restarted_count=0
 full_count=0

Compilation events (20 events):
Event: 0.492 Thread 0x000001de5c01bf10 nmethod 345 0x000001de47782010 code [0x000001de477821c0, 0x000001de47782478]
Event: 0.492 Thread 0x000001de5c01bf10  347       3       java.lang.invoke.InvokerBytecodeGenerator::emitImplicitConversion (161 bytes)
Event: 0.494 Thread 0x000001de5c01bf10 nmethod 347 0x000001de47782510 code [0x000001de47782820, 0x000001de47783698]
Event: 0.494 Thread 0x000001de5c01bf10  350       3       java.lang.invoke.MethodType::parameterSlotCount (8 bytes)
Event: 0.494 Thread 0x000001de5c01bf10 nmethod 350 0x000001de47783b90 code [0x000001de47783d20, 0x000001de47783e58]
Event: 0.494 Thread 0x000001de5c01bf10  354       3       java.lang.invoke.InvokerBytecodeGenerator::emitPushArgument (150 bytes)
Event: 0.495 Thread 0x000001de5c01bf10 nmethod 354 0x000001de47783f10 code [0x000001de477841e0, 0x000001de47785068]
Event: 0.495 Thread 0x000001de5c01bf10  343       3       java.lang.invoke.LambdaForm::forceInterpretation (14 bytes)
Event: 0.495 Thread 0x000001de5c01bf10 nmethod 343 0x000001de47785490 code [0x000001de47785620, 0x000001de47785798]
Event: 0.495 Thread 0x000001de5c01bf10  355       1       java.lang.invoke.MethodTypeForm::basicType (5 bytes)
Event: 0.496 Thread 0x000001de5c01bf10 nmethod 355 0x000001de4ec5ba10 code [0x000001de4ec5bba0, 0x000001de4ec5bc78]
Event: 0.498 Thread 0x000001de5c01bf10  356       1       jdk.internal.org.objectweb.asm.SymbolTable::getMajorVersion (5 bytes)
Event: 0.498 Thread 0x000001de5c01bf10 nmethod 356 0x000001de4ec5bd10 code [0x000001de4ec5bea0, 0x000001de4ec5bf78]
Event: 0.499 Thread 0x000001de5c01bf10  357       1       java.lang.module.ModuleDescriptor::isOpen (5 bytes)
Event: 0.499 Thread 0x000001de5c00e040 nmethod 332 0x000001de4ec5c010 code [0x000001de4ec5c1a0, 0x000001de4ec5c728]
Event: 0.499 Thread 0x000001de5c01bf10 nmethod 357 0x000001de4ec5c990 code [0x000001de4ec5cb20, 0x000001de4ec5cbf8]
Event: 0.499 Thread 0x000001de5c00e040  346       4       java.lang.StringLatin1::charAt (28 bytes)
Event: 0.499 Thread 0x000001de5c01bf10  358       3       jdk.internal.misc.Unsafe::allocateUninitializedArray (55 bytes)
Event: 0.499 Thread 0x000001de5c01bf10 nmethod 358 0x000001de47785810 code [0x000001de47785a00, 0x000001de47785e58]
Event: 0.500 Thread 0x000001de5c00e040 nmethod 346 0x000001de4ec5cc90 code [0x000001de4ec5ce00, 0x000001de4ec5ce98]

GC Heap History (0 events):
No events

Deoptimization events (16 events):
Event: 0.305 Thread 0x000001de42253d00 Uncommon trap: trap_request=0xffffff45 fr.pc=0x000001de4ec4a034 relative=0x00000000000001b4
Event: 0.305 Thread 0x000001de42253d00 Uncommon trap: reason=unstable_if action=reinterpret pc=0x000001de4ec4a034 method=java.lang.String.hashCode()I @ 20 c2
Event: 0.306 Thread 0x000001de42253d00 DEOPT PACKING pc=0x000001de4ec4a034 sp=0x00000034099fd840
Event: 0.306 Thread 0x000001de42253d00 DEOPT UNPACKING pc=0x000001de471c23a3 sp=0x00000034099fd7d8 mode 2
Event: 0.313 Thread 0x000001de42253d00 Uncommon trap: trap_request=0xffffff45 fr.pc=0x000001de4ec475f8 relative=0x0000000000000638
Event: 0.313 Thread 0x000001de42253d00 Uncommon trap: reason=unstable_if action=reinterpret pc=0x000001de4ec475f8 method=java.util.zip.ZipCoder$UTF8ZipCoder.checkedHash([BII)I @ 75 c2
Event: 0.313 Thread 0x000001de42253d00 DEOPT PACKING pc=0x000001de4ec475f8 sp=0x00000034099fd900
Event: 0.313 Thread 0x000001de42253d00 DEOPT UNPACKING pc=0x000001de471c23a3 sp=0x00000034099fd7e0 mode 2
Event: 0.313 Thread 0x000001de42253d00 Uncommon trap: trap_request=0xffffff45 fr.pc=0x000001de4ec46c0c relative=0x000000000000026c
Event: 0.313 Thread 0x000001de42253d00 Uncommon trap: reason=unstable_if action=reinterpret pc=0x000001de4ec46c0c method=java.util.zip.ZipCoder$UTF8ZipCoder.checkedHash([BII)I @ 75 c2
Event: 0.313 Thread 0x000001de42253d00 DEOPT PACKING pc=0x000001de4ec46c0c sp=0x00000034099fd850
Event: 0.313 Thread 0x000001de42253d00 DEOPT UNPACKING pc=0x000001de471c23a3 sp=0x00000034099fd7e0 mode 2
Event: 0.313 Thread 0x000001de42253d00 Uncommon trap: trap_request=0xffffff45 fr.pc=0x000001de4ec4824c relative=0x000000000000014c
Event: 0.313 Thread 0x000001de42253d00 Uncommon trap: reason=unstable_if action=reinterpret pc=0x000001de4ec4824c method=java.util.zip.ZipFile$Source.isMetaName([BII)Z @ 15 c2
Event: 0.313 Thread 0x000001de42253d00 DEOPT PACKING pc=0x000001de4ec4824c sp=0x00000034099fd910
Event: 0.313 Thread 0x000001de42253d00 DEOPT UNPACKING pc=0x000001de471c23a3 sp=0x00000034099fd8b8 mode 2

Classes unloaded (0 events):
No events

Classes redefined (0 events):
No events

Internal exceptions (4 events):
Event: 0.369 Thread 0x000001de42253d00 Exception <a 'java/lang/ClassNotFoundException'{0x00000000c7c19a98}: sun/awt/resources/spi/awtProvider> (0x00000000c7c19a98) 
thrown [s\src\hotspot\share\classfile\systemDictionary.cpp, line 256]
Event: 0.410 Thread 0x000001de42253d00 Exception <a 'java/io/FileNotFoundException'{0x00000000c7c6cb90}> (0x00000000c7c6cb90) 
thrown [s\src\hotspot\share\prims\jni.cpp, line 517]
Event: 0.423 Thread 0x000001de42253d00 Exception <a 'java/io/FileNotFoundException'{0x00000000c7c99f88}> (0x00000000c7c99f88) 
thrown [s\src\hotspot\share\prims\jni.cpp, line 517]
Event: 0.494 Thread 0x000001de42253d00 Exception <a 'java/lang/NoSuchMethodError'{0x00000000c7cd0188}: 'java.lang.Object java.lang.invoke.DirectMethodHandle$Holder.invokeStaticInit(java.lang.Object)'> (0x00000000c7cd0188) 
thrown [s\src\hotspot\share\interpreter\linkResolver.cpp, line 771]

VM Operations (4 events):
Event: 0.274 Executing VM operation: HandshakeAllThreads
Event: 0.274 Executing VM operation: HandshakeAllThreads done
Event: 0.351 Executing VM operation: HandshakeAllThreads
Event: 0.351 Executing VM operation: HandshakeAllThreads done

Events (20 events):
Event: 0.492 loading class sun/awt/windows/WToolkit$ToolkitDisposer done
Event: 0.492 loading class sun/java2d/Disposer
Event: 0.493 loading class sun/java2d/Disposer done
Event: 0.493 loading class sun/java2d/Disposer$1
Event: 0.493 loading class sun/java2d/Disposer$1 done
Event: 0.494 loading class java/lang/NoSuchMethodError
Event: 0.494 loading class java/lang/IncompatibleClassChangeError
Event: 0.494 loading class java/lang/IncompatibleClassChangeError done
Event: 0.494 loading class java/lang/NoSuchMethodError done
Event: 0.495 loading class sun/awt/util/ThreadGroupUtils
Event: 0.495 loading class sun/awt/util/ThreadGroupUtils done
Event: 0.496 Thread 0x000001de5c447070 Thread added: 0x000001de5c447070
Event: 0.496 loading class java/util/concurrent/ConcurrentLinkedDeque
Event: 0.496 loading class java/util/concurrent/ConcurrentLinkedDeque done
Event: 0.496 loading class java/util/concurrent/ConcurrentLinkedDeque$Node
Event: 0.496 loading class java/util/concurrent/ConcurrentLinkedDeque$Node done
Event: 0.497 loading class sun/awt/AWTAutoShutdown
Event: 0.497 loading class sun/awt/AWTAutoShutdown done
Event: 0.498 Thread 0x000001de5c447a10 Thread added: 0x000001de5c447a10
Event: 0.500 Thread 0x000001de5c447540 Thread added: 0x000001de5c447540


Dynamic libraries:
0x00007ff69b7c0000 - 0x00007ff69b7ca000 	D:\PhpStorm 2022.2.3\jbr\bin\java.exe
0x00007ffee2840000 - 0x00007ffee2a30000 	C:\Windows\SYSTEM32\ntdll.dll
0x00007ffee1cc0000 - 0x00007ffee1d72000 	C:\Windows\System32\KERNEL32.DLL
0x00007ffee0650000 - 0x00007ffee08f3000 	C:\Windows\System32\KERNELBASE.dll
0x00007ffee0160000 - 0x00007ffee025a000 	C:\Windows\System32\ucrtbase.dll
0x00007ffed8940000 - 0x00007ffed895b000 	D:\PhpStorm 2022.2.3\jbr\bin\VCRUNTIME140.dll
0x00007ffedaf80000 - 0x00007ffedaf97000 	D:\PhpStorm 2022.2.3\jbr\bin\jli.dll
0x00007ffee21d0000 - 0x00007ffee2364000 	C:\Windows\System32\USER32.dll
0x00007ffee0090000 - 0x00007ffee00b1000 	C:\Windows\System32\win32u.dll
0x00007ffee1c90000 - 0x00007ffee1cb6000 	C:\Windows\System32\GDI32.dll
0x00007ffee0430000 - 0x00007ffee05c4000 	C:\Windows\System32\gdi32full.dll
0x00007ffee00c0000 - 0x00007ffee015e000 	C:\Windows\System32\msvcp_win.dll
0x00007ffed1cd0000 - 0x00007ffed1f55000 	C:\Windows\WinSxS\amd64_microsoft.windows.common-controls_6595b64144ccf1df_6.0.18362.535_none_e6c3b34713100821\COMCTL32.dll
0x00007ffee2700000 - 0x00007ffee279e000 	C:\Windows\System32\msvcrt.dll
0x00007ffee0bd0000 - 0x00007ffee0f06000 	C:\Windows\System32\combase.dll
0x00007ffee0f10000 - 0x00007ffee1030000 	C:\Windows\System32\RPCRT4.dll
0x00007ffee05d0000 - 0x00007ffee0650000 	C:\Windows\System32\bcryptPrimitives.dll
0x00007ffee1c60000 - 0x00007ffee1c8e000 	C:\Windows\System32\IMM32.DLL
0x00007ffed8970000 - 0x00007ffed897c000 	D:\PhpStorm 2022.2.3\jbr\bin\vcruntime140_1.dll
0x00007ffeb7730000 - 0x00007ffeb77bd000 	D:\PhpStorm 2022.2.3\jbr\bin\msvcp140.dll
0x00007ffeb35a0000 - 0x00007ffeb4209000 	D:\PhpStorm 2022.2.3\jbr\bin\server\jvm.dll
0x00007ffee2650000 - 0x00007ffee26f3000 	C:\Windows\System32\ADVAPI32.dll
0x00007ffee1d80000 - 0x00007ffee1e17000 	C:\Windows\System32\sechost.dll
0x00007ffee1c50000 - 0x00007ffee1c58000 	C:\Windows\System32\PSAPI.DLL
0x00007ffedb010000 - 0x00007ffedb019000 	C:\Windows\SYSTEM32\WSOCK32.dll
0x00007ffee1e20000 - 0x00007ffee1e8f000 	C:\Windows\System32\WS2_32.dll
0x00007ffedc410000 - 0x00007ffedc434000 	C:\Windows\SYSTEM32\WINMM.dll
0x00007ffed1cb0000 - 0x00007ffed1cba000 	C:\Windows\SYSTEM32\VERSION.dll
0x00007ffedc3e0000 - 0x00007ffedc40d000 	C:\Windows\SYSTEM32\winmmbase.dll
0x00007ffedf810000 - 0x00007ffedf85a000 	C:\Windows\System32\cfgmgr32.dll
0x00007ffedf760000 - 0x00007ffedf771000 	C:\Windows\System32\kernel.appcore.dll
0x00007ffedb000000 - 0x00007ffedb00a000 	D:\PhpStorm 2022.2.3\jbr\bin\jimage.dll
0x00007ffed6b40000 - 0x00007ffed6d34000 	C:\Windows\SYSTEM32\DBGHELP.DLL
0x00007ffedc440000 - 0x00007ffedc46a000 	C:\Windows\SYSTEM32\dbgcore.DLL
0x00007ffed88e0000 - 0x00007ffed8905000 	D:\PhpStorm 2022.2.3\jbr\bin\java.dll
0x00007ffed88c0000 - 0x00007ffed88d8000 	D:\PhpStorm 2022.2.3\jbr\bin\zip.dll
0x00007ffee10f0000 - 0x00007ffee17d5000 	C:\Windows\System32\SHELL32.dll
0x00007ffee2590000 - 0x00007ffee2639000 	C:\Windows\System32\shcore.dll
0x00007ffedf910000 - 0x00007ffee008f000 	C:\Windows\System32\windows.storage.dll
0x00007ffedf7f0000 - 0x00007ffedf80f000 	C:\Windows\System32\profapi.dll
0x00007ffedf780000 - 0x00007ffedf7ca000 	C:\Windows\System32\powrprof.dll
0x00007ffedf750000 - 0x00007ffedf760000 	C:\Windows\System32\UMPDC.dll
0x00007ffee24b0000 - 0x00007ffee2502000 	C:\Windows\System32\shlwapi.dll
0x00007ffee03b0000 - 0x00007ffee03c7000 	C:\Windows\System32\cryptsp.dll
0x00007ffed88a0000 - 0x00007ffed88b9000 	D:\PhpStorm 2022.2.3\jbr\bin\net.dll
0x00007ffed6990000 - 0x00007ffed6a80000 	C:\Windows\SYSTEM32\WINHTTP.dll
0x00007ffedef60000 - 0x00007ffedefc7000 	C:\Windows\system32\mswsock.dll
0x00007ffed8880000 - 0x00007ffed8896000 	D:\PhpStorm 2022.2.3\jbr\bin\nio.dll
0x00007ffeb3400000 - 0x00007ffeb3593000 	D:\PhpStorm 2022.2.3\jbr\bin\awt.dll
0x00007ffee0a90000 - 0x00007ffee0b54000 	C:\Windows\System32\OLEAUT32.dll
0x00007ffeddef0000 - 0x00007ffeddf1d000 	C:\Windows\SYSTEM32\dwmapi.dll
0x00007ffedd930000 - 0x00007ffedd9bf000 	C:\Windows\SYSTEM32\apphelp.dll
0x00007ffeddad0000 - 0x00007ffeddb69000 	C:\Windows\system32\uxtheme.dll
0x00007ffee2370000 - 0x00007ffee24a5000 	C:\Windows\System32\MSCTF.dll

dbghelp: loaded successfully - version: 4.0.5 - missing functions: none
symbol engine: initialized successfully - sym options: 0x614 - pdb path: .;D:\PhpStorm 2022.2.3\jbr\bin;C:\Windows\SYSTEM32;C:\Windows\WinSxS\amd64_microsoft.windows.common-controls_6595b64144ccf1df_6.0.18362.535_none_e6c3b34713100821;D:\PhpStorm 2022.2.3\jbr\bin\server

VM Arguments:
jvm_args: -Dawt.toolkit=com.intellij.desktop.DesktopActionsToolkit -Djava.rmi.server.hostname=127.0.0.1 -Duser.timezone=UTC -Xmx1024m -Xms128m --add-exports=java.desktop/sun.awt=ALL-UNNAMED --add-exports=java.desktop/java.awt.peer=ALL-UNNAMED --add-opens=java.desktop/java.awt=ALL-UNNAMED --add-opens=jdk.unsupported/sun.misc=ALL-UNNAMED --add-opens=java.base/java.nio=ALL-UNNAMED -Dfile.encoding=UTF-8 
java_command: com.intellij.database.remote.RemoteJdbcServer com.mysql.cj.jdbc.Driver
java_class_path (initial): D:\PhpStorm 2022.2.3\lib\util_rt.jar;D:\PhpStorm 2022.2.3\lib\util.jar;D:\PhpStorm 2022.2.3\lib\groovy.jar;D:\PhpStorm 2022.2.3\plugins\DatabaseTools\lib\jdbc-console.jar;C:\Users\Рустамчон\AppData\Roaming\JetBrains\PhpStorm2022.2\jdbc-drivers\MySQL ConnectorJ\8.0.25\mysql-connector-java-8.0.25.jar
Launcher Type: SUN_STANDARD

[Global flags]
     intx CICompilerCount                          = 3                                         {product} {ergonomic}
     uint ConcGCThreads                            = 1                                         {product} {ergonomic}
     uint G1ConcRefinementThreads                  = 4                                         {product} {ergonomic}
   size_t G1HeapRegionSize                         = 1048576                                   {product} {ergonomic}
    uintx GCDrainStackTargetSize                   = 64                                        {product} {ergonomic}
   size_t InitialHeapSize                          = 134217728                                 {product} {command line}
   size_t MarkStackSize                            = 4194304                                   {product} {ergonomic}
   size_t MaxHeapSize                              = 1073741824                                {product} {command line}
   size_t MaxNewSize                               = 643825664                                 {product} {ergonomic}
   size_t MinHeapDeltaBytes                        = 1048576                                   {product} {ergonomic}
   size_t MinHeapSize                              = 134217728                                 {product} {command line}
    uintx NonNMethodCodeHeapSize                   = 5832780                                {pd product} {ergonomic}
    uintx NonProfiledCodeHeapSize                  = 122912730                              {pd product} {ergonomic}
    uintx ProfiledCodeHeapSize                     = 122912730                              {pd product} {ergonomic}
    uintx ReservedCodeCacheSize                    = 251658240                              {pd product} {ergonomic}
     bool SegmentedCodeCache                       = true                                      {product} {ergonomic}
   size_t SoftMaxHeapSize                          = 1073741824                             {manageable} {ergonomic}
     bool UseCompressedClassPointers               = true                           {product lp64_product} {ergonomic}
     bool UseCompressedOops                        = true                           {product lp64_product} {ergonomic}
     bool UseG1GC                                  = true                                      {product} {ergonomic}
     bool UseLargePagesIndividualAllocation        = false                                  {pd product} {ergonomic}

Logging:
Log output configuration:
 #0: stdout all=warning uptime,level,tags
 #1: stderr all=off uptime,level,tags

Environment Variables:
PATH=C:\Windows\system32;C:\Windows;C:\Windows\System32\Wbem;C:\Windows\System32\WindowsPowerShell\v1.0\;C:\Program Files\7-Zip;C:\Program Files\Git\cmd;D:\putty\;D:\ComposerSetup;C:\ProgramData\chocolatey\bin;C:\Program Files\nodejs\;C:\Program Files\dotnet\;D:\php-8.2.1-nts-Win32-vs16-x64;C:\Users\Рустамчон\AppData\Local\Microsoft\WindowsApps;D:\PhpStorm 2022.2.3\bin;;C:\Users\Рустамчон\AppData\Local\Programs\Microsoft VS Code\bin;C:\Users\Рустамчон\AppData\Roaming\Composer\vendor\bin;D:\IntelliJ IDEA 2022.1.4\bin;;C:\Users\Рустамчон\AppData\Roaming\npm;D:\JetBrains Rider 2023.1.1\bin;;C:\Users\Рустамчон\.dotnet\tools;C:\Users\Рустамчон\AppData\Local\GitHubDesktop\bin
USERNAME=Рустамчон
OS=Windows_NT
PROCESSOR_IDENTIFIER=Intel64 Family 6 Model 42 Stepping 7, GenuineIntel
TMP=C:\Temp
TEMP=C:\Temp



---------------  S Y S T E M  ---------------

OS:
 Windows 10 , 64 bit Build 18362 (10.0.18362.329)
OS uptime: 0 days 2:14 hours

CPU: total 4 (initial active 4) (2 cores per cpu, 2 threads per core) family 6 model 42 stepping 7 microcode 0x2e, cx8, cmov, fxsr, ht, mmx, sse, sse2, sse3, ssse3, sse4.1, sse4.2, popcnt, tsc, tscinvbit, avx, clmul, vzeroupper, clflush

Memory: 4k page, system-wide physical 10018M (1108M free)
TotalPageFile size 10018M (AvailPageFile size 4M)
current process WorkingSet (physical memory assigned to process): 43M, peak: 43M
current process commit charge ("private bytes"): 202M, peak: 202M

vm_info: OpenJDK 64-Bit Server VM (17.0.4.1+7-b469.62) for windows-amd64 JRE (17.0.4.1+7-b469.62), built on 2022-09-22 by "builduser" with MS VC++ 16.10 / 16.11 (VS2019)

END.
